2023-11-22 18:09:35,201 Namespace(out_dir='out', frequent=10, eval_interval=1, gpu=False, num_workers=4)
2023-11-22 18:09:35,707 => load 200 samples
2023-11-22 18:09:35,709 => load 200 samples
2023-11-22 18:09:40,369 Epoch: [0][0/200]	Time 4.659s (4.659s)	Speed 6.9 samples/s	Data 3.918s (3.918s)	Loss 2.53597 (2.53597)
2023-11-22 18:09:45,281 Epoch: [0][10/200]	Time 0.496s (0.870s)	Speed 64.5 samples/s	Data 0.000s (0.357s)	Loss 2.05274 (2.26276)
2023-11-22 18:09:50,110 Epoch: [0][20/200]	Time 0.479s (0.686s)	Speed 66.8 samples/s	Data 0.001s (0.187s)	Loss 1.76644 (2.08518)
2023-11-22 18:09:54,850 Epoch: [0][30/200]	Time 0.474s (0.617s)	Speed 67.5 samples/s	Data 0.000s (0.127s)	Loss 1.51338 (1.93464)
2023-11-22 18:09:59,592 Epoch: [0][40/200]	Time 0.473s (0.582s)	Speed 67.7 samples/s	Data 0.001s (0.096s)	Loss 1.28834 (1.80120)
2023-11-22 18:10:04,307 Epoch: [0][50/200]	Time 0.471s (0.561s)	Speed 67.9 samples/s	Data 0.000s (0.077s)	Loss 1.09596 (1.68021)
2023-11-22 18:10:09,012 Epoch: [0][60/200]	Time 0.472s (0.546s)	Speed 67.8 samples/s	Data 0.000s (0.065s)	Loss 0.92757 (1.56848)
2023-11-22 18:10:13,728 Epoch: [0][70/200]	Time 0.471s (0.535s)	Speed 67.9 samples/s	Data 0.000s (0.055s)	Loss 0.77018 (1.46666)
2023-11-22 18:10:18,430 Epoch: [0][80/200]	Time 0.469s (0.527s)	Speed 68.2 samples/s	Data 0.000s (0.049s)	Loss 0.65927 (1.37320)
2023-11-22 18:10:23,144 Epoch: [0][90/200]	Time 0.473s (0.521s)	Speed 67.6 samples/s	Data 0.000s (0.043s)	Loss 0.57903 (1.28901)
2023-11-22 18:10:27,874 Epoch: [0][100/200]	Time 0.473s (0.516s)	Speed 67.7 samples/s	Data 0.000s (0.039s)	Loss 0.48659 (1.21321)
2023-11-22 18:10:32,588 Epoch: [0][110/200]	Time 0.473s (0.512s)	Speed 67.7 samples/s	Data 0.000s (0.036s)	Loss 0.41623 (1.14468)
2023-11-22 18:10:37,297 Epoch: [0][120/200]	Time 0.470s (0.509s)	Speed 68.1 samples/s	Data 0.001s (0.033s)	Loss 0.36466 (1.08290)
2023-11-22 18:10:42,012 Epoch: [0][130/200]	Time 0.472s (0.506s)	Speed 67.8 samples/s	Data 0.000s (0.030s)	Loss 0.34675 (1.02686)
2023-11-22 18:10:46,752 Epoch: [0][140/200]	Time 0.473s (0.504s)	Speed 67.7 samples/s	Data 0.000s (0.028s)	Loss 0.30772 (0.97694)
2023-11-22 18:10:51,465 Epoch: [0][150/200]	Time 0.475s (0.502s)	Speed 67.4 samples/s	Data 0.000s (0.026s)	Loss 0.28685 (0.93132)
2023-11-22 18:10:56,176 Epoch: [0][160/200]	Time 0.471s (0.500s)	Speed 67.9 samples/s	Data 0.000s (0.025s)	Loss 0.27018 (0.89026)
2023-11-22 18:11:00,898 Epoch: [0][170/200]	Time 0.471s (0.498s)	Speed 67.9 samples/s	Data 0.000s (0.023s)	Loss 0.25882 (0.85298)
2023-11-22 18:11:05,631 Epoch: [0][180/200]	Time 0.483s (0.497s)	Speed 66.3 samples/s	Data 0.001s (0.022s)	Loss 0.23129 (0.81908)
2023-11-22 18:11:10,359 Epoch: [0][190/200]	Time 0.473s (0.496s)	Speed 67.7 samples/s	Data 0.000s (0.021s)	Loss 0.20846 (0.78757)
2023-11-22 18:11:17,448 Test: [0/200]	Time 2.490 (2.490)	Loss 0.4387 (0.4387)
2023-11-22 18:11:17,875 Test: [10/200]	Time 0.036 (0.265)	Loss 0.1493 (0.3589)
2023-11-22 18:11:18,244 Test: [20/200]	Time 0.035 (0.156)	Loss 0.2623 (0.3706)
2023-11-22 18:11:18,616 Test: [30/200]	Time 0.037 (0.118)	Loss 0.5442 (0.3783)
2023-11-22 18:11:18,991 Test: [40/200]	Time 0.036 (0.098)	Loss 0.3961 (0.3930)
2023-11-22 18:11:19,365 Test: [50/200]	Time 0.037 (0.086)	Loss 0.4706 (0.3963)
2023-11-22 18:11:19,738 Test: [60/200]	Time 0.036 (0.078)	Loss 0.4545 (0.3966)
2023-11-22 18:11:20,113 Test: [70/200]	Time 0.036 (0.073)	Loss 0.3809 (0.3959)
2023-11-22 18:11:20,482 Test: [80/200]	Time 0.037 (0.068)	Loss 0.4767 (0.3910)
2023-11-22 18:11:20,855 Test: [90/200]	Time 0.036 (0.065)	Loss 0.4809 (0.3943)
2023-11-22 18:11:21,225 Test: [100/200]	Time 0.036 (0.062)	Loss 0.4871 (0.3932)
2023-11-22 18:11:21,598 Test: [110/200]	Time 0.036 (0.060)	Loss 0.4674 (0.3947)
2023-11-22 18:11:21,969 Test: [120/200]	Time 0.036 (0.058)	Loss 0.4523 (0.3922)
2023-11-22 18:11:22,340 Test: [130/200]	Time 0.035 (0.056)	Loss 0.3803 (0.3963)
2023-11-22 18:11:22,711 Test: [140/200]	Time 0.036 (0.055)	Loss 0.3548 (0.3953)
2023-11-22 18:11:23,083 Test: [150/200]	Time 0.037 (0.054)	Loss 0.4384 (0.3942)
2023-11-22 18:11:23,452 Test: [160/200]	Time 0.036 (0.053)	Loss 0.4112 (0.3940)
2023-11-22 18:11:23,823 Test: [170/200]	Time 0.035 (0.052)	Loss 0.2877 (0.3916)
2023-11-22 18:11:24,199 Test: [180/200]	Time 0.036 (0.051)	Loss 0.3324 (0.3896)
2023-11-22 18:11:24,570 Test: [190/200]	Time 0.036 (0.050)	Loss 0.3327 (0.3908)
2023-11-22 18:11:26,031 Mean IoU score: 0.186
2023-11-22 18:11:26,034 => saving checkpoint to out
2023-11-22 18:11:29,115 Epoch: [1][0/200]	Time 3.043s (3.043s)	Speed 10.5 samples/s	Data 2.513s (2.513s)	Loss 0.20056 (0.20056)
2023-11-22 18:11:33,842 Epoch: [1][10/200]	Time 0.474s (0.706s)	Speed 67.5 samples/s	Data 0.000s (0.229s)	Loss 0.19972 (0.20750)
2023-11-22 18:11:38,566 Epoch: [1][20/200]	Time 0.476s (0.595s)	Speed 67.2 samples/s	Data 0.001s (0.120s)	Loss 0.25002 (0.20368)
2023-11-22 18:11:43,329 Epoch: [1][30/200]	Time 0.472s (0.557s)	Speed 67.8 samples/s	Data 0.000s (0.081s)	Loss 0.16398 (0.20033)
2023-11-22 18:11:48,044 Epoch: [1][40/200]	Time 0.470s (0.536s)	Speed 68.1 samples/s	Data 0.000s (0.062s)	Loss 0.17833 (0.19500)
2023-11-22 18:11:52,760 Epoch: [1][50/200]	Time 0.471s (0.523s)	Speed 67.9 samples/s	Data 0.000s (0.050s)	Loss 0.15296 (0.19091)
2023-11-22 18:11:57,472 Epoch: [1][60/200]	Time 0.473s (0.515s)	Speed 67.7 samples/s	Data 0.000s (0.042s)	Loss 0.16394 (0.18707)
2023-11-22 18:12:02,201 Epoch: [1][70/200]	Time 0.473s (0.509s)	Speed 67.7 samples/s	Data 0.000s (0.036s)	Loss 0.15681 (0.18311)
2023-11-22 18:12:06,903 Epoch: [1][80/200]	Time 0.469s (0.504s)	Speed 68.2 samples/s	Data 0.000s (0.031s)	Loss 0.11976 (0.17837)
2023-11-22 18:12:11,597 Epoch: [1][90/200]	Time 0.471s (0.500s)	Speed 67.9 samples/s	Data 0.000s (0.028s)	Loss 0.13737 (0.17372)
2023-11-22 18:12:16,335 Epoch: [1][100/200]	Time 0.475s (0.498s)	Speed 67.4 samples/s	Data 0.000s (0.025s)	Loss 0.12814 (0.17065)
2023-11-22 18:12:21,144 Epoch: [1][110/200]	Time 0.482s (0.496s)	Speed 66.4 samples/s	Data 0.000s (0.023s)	Loss 0.12043 (0.16721)
2023-11-22 18:12:25,879 Epoch: [1][120/200]	Time 0.469s (0.494s)	Speed 68.2 samples/s	Data 0.000s (0.021s)	Loss 0.10456 (0.16305)
2023-11-22 18:12:30,620 Epoch: [1][130/200]	Time 0.469s (0.493s)	Speed 68.2 samples/s	Data 0.001s (0.020s)	Loss 0.10422 (0.15919)
2023-11-22 18:12:35,324 Epoch: [1][140/200]	Time 0.472s (0.491s)	Speed 67.8 samples/s	Data 0.001s (0.018s)	Loss 0.12466 (0.15573)
2023-11-22 18:12:40,033 Epoch: [1][150/200]	Time 0.473s (0.490s)	Speed 67.7 samples/s	Data 0.000s (0.017s)	Loss 0.09269 (0.15228)
2023-11-22 18:12:44,765 Epoch: [1][160/200]	Time 0.475s (0.489s)	Speed 67.4 samples/s	Data 0.000s (0.016s)	Loss 0.10494 (0.14919)
2023-11-22 18:12:49,483 Epoch: [1][170/200]	Time 0.468s (0.488s)	Speed 68.4 samples/s	Data 0.000s (0.015s)	Loss 0.09171 (0.14622)
2023-11-22 18:12:54,210 Epoch: [1][180/200]	Time 0.475s (0.487s)	Speed 67.4 samples/s	Data 0.000s (0.014s)	Loss 0.09823 (0.14336)
2023-11-22 18:12:58,936 Epoch: [1][190/200]	Time 0.469s (0.486s)	Speed 68.2 samples/s	Data 0.000s (0.013s)	Loss 0.09413 (0.14062)
2023-11-22 18:13:06,103 Test: [0/200]	Time 2.568 (2.568)	Loss 0.2890 (0.2890)
2023-11-22 18:13:06,471 Test: [10/200]	Time 0.035 (0.267)	Loss 0.0657 (0.1965)
2023-11-22 18:13:06,843 Test: [20/200]	Time 0.036 (0.158)	Loss 0.1464 (0.1994)
2023-11-22 18:13:07,217 Test: [30/200]	Time 0.037 (0.119)	Loss 0.2705 (0.2075)
2023-11-22 18:13:07,592 Test: [40/200]	Time 0.036 (0.099)	Loss 0.2046 (0.2162)
2023-11-22 18:13:07,966 Test: [50/200]	Time 0.036 (0.087)	Loss 0.2738 (0.2158)
2023-11-22 18:13:08,336 Test: [60/200]	Time 0.037 (0.079)	Loss 0.2494 (0.2162)
2023-11-22 18:13:08,710 Test: [70/200]	Time 0.036 (0.073)	Loss 0.1930 (0.2157)
2023-11-22 18:13:09,082 Test: [80/200]	Time 0.036 (0.068)	Loss 0.2740 (0.2126)
2023-11-22 18:13:09,455 Test: [90/200]	Time 0.036 (0.065)	Loss 0.2760 (0.2156)
2023-11-22 18:13:09,829 Test: [100/200]	Time 0.037 (0.062)	Loss 0.2903 (0.2139)
2023-11-22 18:13:10,203 Test: [110/200]	Time 0.036 (0.060)	Loss 0.2869 (0.2148)
2023-11-22 18:13:10,575 Test: [120/200]	Time 0.037 (0.058)	Loss 0.2369 (0.2131)
2023-11-22 18:13:10,950 Test: [130/200]	Time 0.036 (0.057)	Loss 0.1785 (0.2153)
2023-11-22 18:13:11,320 Test: [140/200]	Time 0.035 (0.055)	Loss 0.1826 (0.2146)
2023-11-22 18:13:11,692 Test: [150/200]	Time 0.036 (0.054)	Loss 0.2177 (0.2134)
2023-11-22 18:13:12,064 Test: [160/200]	Time 0.037 (0.053)	Loss 0.2448 (0.2132)
2023-11-22 18:13:12,434 Test: [170/200]	Time 0.036 (0.052)	Loss 0.1501 (0.2115)
2023-11-22 18:13:12,804 Test: [180/200]	Time 0.035 (0.051)	Loss 0.1602 (0.2103)
2023-11-22 18:13:13,176 Test: [190/200]	Time 0.035 (0.050)	Loss 0.1371 (0.2113)
2023-11-22 18:13:14,625 Mean IoU score: 0.526
2023-11-22 18:13:14,628 => saving checkpoint to out
2023-11-22 18:13:17,691 Epoch: [2][0/200]	Time 3.044s (3.044s)	Speed 10.5 samples/s	Data 2.516s (2.516s)	Loss 0.07200 (0.07200)
2023-11-22 18:13:22,436 Epoch: [2][10/200]	Time 0.474s (0.708s)	Speed 67.5 samples/s	Data 0.000s (0.229s)	Loss 0.08492 (0.08298)
2023-11-22 18:13:27,185 Epoch: [2][20/200]	Time 0.476s (0.597s)	Speed 67.2 samples/s	Data 0.001s (0.120s)	Loss 0.07855 (0.07911)
2023-11-22 18:13:31,931 Epoch: [2][30/200]	Time 0.470s (0.558s)	Speed 68.1 samples/s	Data 0.001s (0.081s)	Loss 0.06406 (0.07546)
2023-11-22 18:13:36,690 Epoch: [2][40/200]	Time 0.476s (0.538s)	Speed 67.2 samples/s	Data 0.001s (0.062s)	Loss 0.06446 (0.07460)
2023-11-22 18:13:41,434 Epoch: [2][50/200]	Time 0.477s (0.525s)	Speed 67.1 samples/s	Data 0.000s (0.050s)	Loss 0.06140 (0.07299)
2023-11-22 18:13:46,193 Epoch: [2][60/200]	Time 0.475s (0.517s)	Speed 67.4 samples/s	Data 0.000s (0.042s)	Loss 0.05925 (0.07167)
2023-11-22 18:13:50,946 Epoch: [2][70/200]	Time 0.478s (0.511s)	Speed 66.9 samples/s	Data 0.000s (0.036s)	Loss 0.07284 (0.07020)
2023-11-22 18:13:55,708 Epoch: [2][80/200]	Time 0.471s (0.507s)	Speed 67.9 samples/s	Data 0.000s (0.031s)	Loss 0.06157 (0.06901)
2023-11-22 18:14:00,465 Epoch: [2][90/200]	Time 0.476s (0.503s)	Speed 67.2 samples/s	Data 0.000s (0.028s)	Loss 0.05092 (0.06766)
2023-11-22 18:14:05,205 Epoch: [2][100/200]	Time 0.473s (0.501s)	Speed 67.7 samples/s	Data 0.000s (0.025s)	Loss 0.05902 (0.06631)
2023-11-22 18:14:10,003 Epoch: [2][110/200]	Time 0.474s (0.499s)	Speed 67.5 samples/s	Data 0.000s (0.023s)	Loss 0.05380 (0.06575)
2023-11-22 18:14:14,789 Epoch: [2][120/200]	Time 0.475s (0.497s)	Speed 67.4 samples/s	Data 0.000s (0.021s)	Loss 0.05702 (0.06457)
2023-11-22 18:14:19,559 Epoch: [2][130/200]	Time 0.481s (0.496s)	Speed 66.5 samples/s	Data 0.000s (0.019s)	Loss 0.05790 (0.06365)
2023-11-22 18:14:24,308 Epoch: [2][140/200]	Time 0.473s (0.494s)	Speed 67.7 samples/s	Data 0.000s (0.018s)	Loss 0.05471 (0.06285)
2023-11-22 18:14:29,049 Epoch: [2][150/200]	Time 0.470s (0.493s)	Speed 68.1 samples/s	Data 0.000s (0.017s)	Loss 0.04490 (0.06221)
2023-11-22 18:14:33,778 Epoch: [2][160/200]	Time 0.473s (0.491s)	Speed 67.6 samples/s	Data 0.000s (0.016s)	Loss 0.04353 (0.06127)
2023-11-22 18:14:38,552 Epoch: [2][170/200]	Time 0.501s (0.491s)	Speed 63.9 samples/s	Data 0.001s (0.015s)	Loss 0.04526 (0.06041)
2023-11-22 18:14:43,286 Epoch: [2][180/200]	Time 0.474s (0.490s)	Speed 67.5 samples/s	Data 0.001s (0.014s)	Loss 0.04406 (0.05944)
2023-11-22 18:14:48,021 Epoch: [2][190/200]	Time 0.475s (0.489s)	Speed 67.4 samples/s	Data 0.001s (0.013s)	Loss 0.05288 (0.05862)
2023-11-22 18:14:55,091 Test: [0/200]	Time 2.461 (2.461)	Loss 0.1149 (0.1149)
2023-11-22 18:14:55,460 Test: [10/200]	Time 0.036 (0.257)	Loss 0.0314 (0.0963)
2023-11-22 18:14:55,833 Test: [20/200]	Time 0.036 (0.153)	Loss 0.0768 (0.1034)
2023-11-22 18:14:56,206 Test: [30/200]	Time 0.037 (0.115)	Loss 0.1544 (0.1104)
2023-11-22 18:14:56,579 Test: [40/200]	Time 0.036 (0.096)	Loss 0.1080 (0.1150)
2023-11-22 18:14:56,951 Test: [50/200]	Time 0.036 (0.085)	Loss 0.1495 (0.1157)
2023-11-22 18:14:57,322 Test: [60/200]	Time 0.036 (0.077)	Loss 0.1389 (0.1178)
2023-11-22 18:14:57,695 Test: [70/200]	Time 0.036 (0.071)	Loss 0.0963 (0.1174)
2023-11-22 18:14:58,072 Test: [80/200]	Time 0.036 (0.067)	Loss 0.1271 (0.1156)
2023-11-22 18:14:58,446 Test: [90/200]	Time 0.037 (0.064)	Loss 0.1666 (0.1174)
2023-11-22 18:14:58,819 Test: [100/200]	Time 0.036 (0.061)	Loss 0.1598 (0.1170)
2023-11-22 18:14:59,193 Test: [110/200]	Time 0.036 (0.059)	Loss 0.1812 (0.1178)
2023-11-22 18:14:59,564 Test: [120/200]	Time 0.037 (0.057)	Loss 0.1360 (0.1166)
2023-11-22 18:14:59,940 Test: [130/200]	Time 0.036 (0.056)	Loss 0.1061 (0.1176)
2023-11-22 18:15:00,311 Test: [140/200]	Time 0.036 (0.054)	Loss 0.1048 (0.1170)
2023-11-22 18:15:00,681 Test: [150/200]	Time 0.036 (0.053)	Loss 0.1097 (0.1159)
2023-11-22 18:15:01,055 Test: [160/200]	Time 0.036 (0.052)	Loss 0.1248 (0.1156)
2023-11-22 18:15:01,426 Test: [170/200]	Time 0.036 (0.051)	Loss 0.1181 (0.1149)
2023-11-22 18:15:01,796 Test: [180/200]	Time 0.036 (0.051)	Loss 0.1113 (0.1140)
2023-11-22 18:15:02,171 Test: [190/200]	Time 0.036 (0.050)	Loss 0.0703 (0.1144)
2023-11-22 18:15:03,592 Mean IoU score: 0.755
2023-11-22 18:15:03,595 => saving checkpoint to out
2023-11-22 18:15:06,632 Epoch: [3][0/200]	Time 3.018s (3.018s)	Speed 10.6 samples/s	Data 2.514s (2.514s)	Loss 0.03807 (0.03807)
2023-11-22 18:15:11,385 Epoch: [3][10/200]	Time 0.479s (0.706s)	Speed 66.8 samples/s	Data 0.001s (0.229s)	Loss 0.04323 (0.04095)
2023-11-22 18:15:16,117 Epoch: [3][20/200]	Time 0.473s (0.595s)	Speed 67.7 samples/s	Data 0.000s (0.120s)	Loss 0.05925 (0.04020)
2023-11-22 18:15:20,880 Epoch: [3][30/200]	Time 0.470s (0.557s)	Speed 68.1 samples/s	Data 0.000s (0.081s)	Loss 0.02686 (0.03959)
2023-11-22 18:15:25,649 Epoch: [3][40/200]	Time 0.477s (0.537s)	Speed 67.1 samples/s	Data 0.000s (0.062s)	Loss 0.03474 (0.03896)
2023-11-22 18:15:30,405 Epoch: [3][50/200]	Time 0.471s (0.525s)	Speed 67.9 samples/s	Data 0.000s (0.050s)	Loss 0.02940 (0.03812)
2023-11-22 18:15:35,171 Epoch: [3][60/200]	Time 0.475s (0.517s)	Speed 67.4 samples/s	Data 0.000s (0.042s)	Loss 0.03334 (0.03737)
2023-11-22 18:15:39,943 Epoch: [3][70/200]	Time 0.475s (0.512s)	Speed 67.4 samples/s	Data 0.000s (0.036s)	Loss 0.03565 (0.03698)
2023-11-22 18:15:44,697 Epoch: [3][80/200]	Time 0.473s (0.507s)	Speed 67.6 samples/s	Data 0.000s (0.031s)	Loss 0.02724 (0.03675)
2023-11-22 18:15:49,474 Epoch: [3][90/200]	Time 0.471s (0.504s)	Speed 67.9 samples/s	Data 0.001s (0.028s)	Loss 0.03061 (0.03646)
2023-11-22 18:15:54,225 Epoch: [3][100/200]	Time 0.476s (0.501s)	Speed 67.2 samples/s	Data 0.000s (0.025s)	Loss 0.03140 (0.03623)
2023-11-22 18:15:58,992 Epoch: [3][110/200]	Time 0.471s (0.499s)	Speed 67.9 samples/s	Data 0.000s (0.023s)	Loss 0.03042 (0.03598)
2023-11-22 18:16:03,754 Epoch: [3][120/200]	Time 0.480s (0.497s)	Speed 66.7 samples/s	Data 0.001s (0.021s)	Loss 0.04243 (0.03587)
2023-11-22 18:16:08,528 Epoch: [3][130/200]	Time 0.482s (0.496s)	Speed 66.4 samples/s	Data 0.000s (0.019s)	Loss 0.03443 (0.03577)
2023-11-22 18:16:13,286 Epoch: [3][140/200]	Time 0.475s (0.494s)	Speed 67.4 samples/s	Data 0.000s (0.018s)	Loss 0.03364 (0.03553)
2023-11-22 18:16:18,044 Epoch: [3][150/200]	Time 0.473s (0.493s)	Speed 67.7 samples/s	Data 0.000s (0.017s)	Loss 0.02712 (0.03545)
2023-11-22 18:16:22,800 Epoch: [3][160/200]	Time 0.480s (0.492s)	Speed 66.7 samples/s	Data 0.001s (0.016s)	Loss 0.03423 (0.03557)
2023-11-22 18:16:27,564 Epoch: [3][170/200]	Time 0.470s (0.491s)	Speed 68.1 samples/s	Data 0.000s (0.015s)	Loss 0.04224 (0.03546)
2023-11-22 18:16:32,316 Epoch: [3][180/200]	Time 0.480s (0.490s)	Speed 66.7 samples/s	Data 0.001s (0.014s)	Loss 0.03311 (0.03525)
2023-11-22 18:16:37,056 Epoch: [3][190/200]	Time 0.474s (0.489s)	Speed 67.5 samples/s	Data 0.000s (0.013s)	Loss 0.02502 (0.03504)
2023-11-22 18:16:44,176 Test: [0/200]	Time 2.462 (2.462)	Loss 0.1177 (0.1177)
2023-11-22 18:16:44,544 Test: [10/200]	Time 0.035 (0.257)	Loss 0.0230 (0.0773)
2023-11-22 18:16:44,915 Test: [20/200]	Time 0.035 (0.152)	Loss 0.0470 (0.0844)
2023-11-22 18:16:45,286 Test: [30/200]	Time 0.036 (0.115)	Loss 0.1137 (0.0915)
2023-11-22 18:16:45,662 Test: [40/200]	Time 0.036 (0.096)	Loss 0.0866 (0.0967)
2023-11-22 18:16:46,033 Test: [50/200]	Time 0.037 (0.085)	Loss 0.1383 (0.0961)
2023-11-22 18:16:46,404 Test: [60/200]	Time 0.037 (0.077)	Loss 0.1133 (0.0981)
2023-11-22 18:16:46,775 Test: [70/200]	Time 0.036 (0.071)	Loss 0.0928 (0.0987)
2023-11-22 18:16:47,148 Test: [80/200]	Time 0.036 (0.067)	Loss 0.1148 (0.0965)
2023-11-22 18:16:47,518 Test: [90/200]	Time 0.036 (0.064)	Loss 0.1169 (0.0983)
2023-11-22 18:16:47,891 Test: [100/200]	Time 0.037 (0.061)	Loss 0.1330 (0.0979)
2023-11-22 18:16:48,262 Test: [110/200]	Time 0.036 (0.059)	Loss 0.1652 (0.0991)
2023-11-22 18:16:48,634 Test: [120/200]	Time 0.036 (0.057)	Loss 0.0935 (0.0977)
2023-11-22 18:16:49,010 Test: [130/200]	Time 0.036 (0.056)	Loss 0.1030 (0.0980)
2023-11-22 18:16:49,375 Test: [140/200]	Time 0.036 (0.054)	Loss 0.0814 (0.0977)
2023-11-22 18:16:49,747 Test: [150/200]	Time 0.035 (0.053)	Loss 0.0971 (0.0967)
2023-11-22 18:16:50,121 Test: [160/200]	Time 0.036 (0.052)	Loss 0.1054 (0.0964)
2023-11-22 18:16:50,494 Test: [170/200]	Time 0.036 (0.051)	Loss 0.0741 (0.0954)
2023-11-22 18:16:50,864 Test: [180/200]	Time 0.037 (0.051)	Loss 0.0647 (0.0951)
2023-11-22 18:16:51,235 Test: [190/200]	Time 0.035 (0.050)	Loss 0.0571 (0.0951)
2023-11-22 18:16:52,680 Mean IoU score: 0.783
2023-11-22 18:16:52,684 => saving checkpoint to out
2023-11-22 18:16:55,754 Epoch: [4][0/200]	Time 3.052s (3.052s)	Speed 10.5 samples/s	Data 2.534s (2.534s)	Loss 0.03368 (0.03368)
2023-11-22 18:17:00,525 Epoch: [4][10/200]	Time 0.479s (0.711s)	Speed 66.8 samples/s	Data 0.000s (0.231s)	Loss 0.02595 (0.02910)
2023-11-22 18:17:05,290 Epoch: [4][20/200]	Time 0.479s (0.599s)	Speed 66.8 samples/s	Data 0.000s (0.121s)	Loss 0.02615 (0.02766)
2023-11-22 18:17:10,051 Epoch: [4][30/200]	Time 0.478s (0.560s)	Speed 66.9 samples/s	Data 0.000s (0.082s)	Loss 0.02345 (0.02729)
2023-11-22 18:17:14,802 Epoch: [4][40/200]	Time 0.471s (0.539s)	Speed 67.9 samples/s	Data 0.000s (0.062s)	Loss 0.02525 (0.02746)
2023-11-22 18:17:19,595 Epoch: [4][50/200]	Time 0.481s (0.527s)	Speed 66.5 samples/s	Data 0.000s (0.050s)	Loss 0.02397 (0.02723)
2023-11-22 18:17:24,370 Epoch: [4][60/200]	Time 0.470s (0.519s)	Speed 68.1 samples/s	Data 0.001s (0.042s)	Loss 0.01961 (0.02666)
2023-11-22 18:17:29,165 Epoch: [4][70/200]	Time 0.478s (0.514s)	Speed 66.9 samples/s	Data 0.000s (0.036s)	Loss 0.02624 (0.02662)
2023-11-22 18:17:33,921 Epoch: [4][80/200]	Time 0.471s (0.509s)	Speed 67.9 samples/s	Data 0.000s (0.032s)	Loss 0.02426 (0.02641)
2023-11-22 18:17:38,645 Epoch: [4][90/200]	Time 0.467s (0.505s)	Speed 68.5 samples/s	Data 0.000s (0.028s)	Loss 0.02434 (0.02604)
2023-11-22 18:17:43,415 Epoch: [4][100/200]	Time 0.481s (0.502s)	Speed 66.5 samples/s	Data 0.000s (0.025s)	Loss 0.02464 (0.02590)
2023-11-22 18:17:48,183 Epoch: [4][110/200]	Time 0.481s (0.500s)	Speed 66.5 samples/s	Data 0.000s (0.023s)	Loss 0.02554 (0.02590)
2023-11-22 18:17:52,926 Epoch: [4][120/200]	Time 0.472s (0.498s)	Speed 67.8 samples/s	Data 0.000s (0.021s)	Loss 0.02744 (0.02574)
2023-11-22 18:17:57,669 Epoch: [4][130/200]	Time 0.472s (0.496s)	Speed 67.8 samples/s	Data 0.000s (0.020s)	Loss 0.02305 (0.02571)
2023-11-22 18:18:02,442 Epoch: [4][140/200]	Time 0.477s (0.495s)	Speed 67.1 samples/s	Data 0.000s (0.018s)	Loss 0.02491 (0.02577)
2023-11-22 18:18:07,211 Epoch: [4][150/200]	Time 0.471s (0.493s)	Speed 67.9 samples/s	Data 0.000s (0.017s)	Loss 0.01904 (0.02566)
2023-11-22 18:18:11,967 Epoch: [4][160/200]	Time 0.476s (0.492s)	Speed 67.2 samples/s	Data 0.000s (0.016s)	Loss 0.02259 (0.02543)
2023-11-22 18:18:16,739 Epoch: [4][170/200]	Time 0.473s (0.491s)	Speed 67.7 samples/s	Data 0.000s (0.015s)	Loss 0.01975 (0.02536)
2023-11-22 18:18:21,505 Epoch: [4][180/200]	Time 0.478s (0.491s)	Speed 66.9 samples/s	Data 0.000s (0.014s)	Loss 0.03148 (0.02530)
2023-11-22 18:18:26,245 Epoch: [4][190/200]	Time 0.472s (0.490s)	Speed 67.8 samples/s	Data 0.001s (0.014s)	Loss 0.02490 (0.02521)
2023-11-22 18:18:33,289 Test: [0/200]	Time 2.438 (2.438)	Loss 0.0746 (0.0746)
2023-11-22 18:18:33,657 Test: [10/200]	Time 0.035 (0.255)	Loss 0.0196 (0.0618)
2023-11-22 18:18:34,031 Test: [20/200]	Time 0.036 (0.151)	Loss 0.0459 (0.0667)
2023-11-22 18:18:34,404 Test: [30/200]	Time 0.037 (0.115)	Loss 0.1009 (0.0728)
2023-11-22 18:18:34,778 Test: [40/200]	Time 0.036 (0.096)	Loss 0.0567 (0.0754)
2023-11-22 18:18:35,151 Test: [50/200]	Time 0.037 (0.084)	Loss 0.1058 (0.0754)
2023-11-22 18:18:35,525 Test: [60/200]	Time 0.036 (0.077)	Loss 0.1080 (0.0780)
2023-11-22 18:18:35,902 Test: [70/200]	Time 0.037 (0.071)	Loss 0.0754 (0.0783)
2023-11-22 18:18:36,272 Test: [80/200]	Time 0.036 (0.067)	Loss 0.0877 (0.0763)
2023-11-22 18:18:36,644 Test: [90/200]	Time 0.037 (0.064)	Loss 0.1041 (0.0778)
2023-11-22 18:18:37,019 Test: [100/200]	Time 0.036 (0.061)	Loss 0.1248 (0.0776)
2023-11-22 18:18:37,392 Test: [110/200]	Time 0.036 (0.059)	Loss 0.1418 (0.0780)
2023-11-22 18:18:37,763 Test: [120/200]	Time 0.037 (0.057)	Loss 0.0929 (0.0767)
2023-11-22 18:18:38,138 Test: [130/200]	Time 0.036 (0.056)	Loss 0.0725 (0.0774)
2023-11-22 18:18:38,509 Test: [140/200]	Time 0.034 (0.054)	Loss 0.0679 (0.0768)
2023-11-22 18:18:38,882 Test: [150/200]	Time 0.037 (0.053)	Loss 0.0664 (0.0760)
2023-11-22 18:18:39,255 Test: [160/200]	Time 0.036 (0.052)	Loss 0.0844 (0.0759)
2023-11-22 18:18:39,624 Test: [170/200]	Time 0.035 (0.051)	Loss 0.0485 (0.0752)
2023-11-22 18:18:39,994 Test: [180/200]	Time 0.035 (0.051)	Loss 0.0632 (0.0745)
2023-11-22 18:18:40,362 Test: [190/200]	Time 0.036 (0.050)	Loss 0.0392 (0.0745)
2023-11-22 18:18:41,772 Mean IoU score: 0.827
2023-11-22 18:18:41,775 => saving checkpoint to out
2023-11-22 18:18:44,856 Epoch: [5][0/200]	Time 3.062s (3.062s)	Speed 10.5 samples/s	Data 2.524s (2.524s)	Loss 0.01596 (0.01596)
2023-11-22 18:18:49,626 Epoch: [5][10/200]	Time 0.476s (0.712s)	Speed 67.2 samples/s	Data 0.000s (0.230s)	Loss 0.01624 (0.02054)
2023-11-22 18:18:54,404 Epoch: [5][20/200]	Time 0.474s (0.600s)	Speed 67.5 samples/s	Data 0.000s (0.120s)	Loss 0.02639 (0.02140)
2023-11-22 18:18:59,159 Epoch: [5][30/200]	Time 0.477s (0.560s)	Speed 67.1 samples/s	Data 0.001s (0.082s)	Loss 0.02675 (0.02114)
2023-11-22 18:19:03,916 Epoch: [5][40/200]	Time 0.479s (0.540s)	Speed 66.8 samples/s	Data 0.000s (0.062s)	Loss 0.01884 (0.02102)
2023-11-22 18:19:08,682 Epoch: [5][50/200]	Time 0.474s (0.527s)	Speed 67.5 samples/s	Data 0.000s (0.050s)	Loss 0.02144 (0.02078)
2023-11-22 18:19:13,465 Epoch: [5][60/200]	Time 0.475s (0.519s)	Speed 67.4 samples/s	Data 0.000s (0.042s)	Loss 0.01536 (0.02042)
2023-11-22 18:19:18,256 Epoch: [5][70/200]	Time 0.477s (0.514s)	Speed 67.1 samples/s	Data 0.000s (0.036s)	Loss 0.01877 (0.02022)
2023-11-22 18:19:23,015 Epoch: [5][80/200]	Time 0.478s (0.509s)	Speed 66.9 samples/s	Data 0.000s (0.031s)	Loss 0.01973 (0.02009)
2023-11-22 18:19:27,779 Epoch: [5][90/200]	Time 0.476s (0.505s)	Speed 67.2 samples/s	Data 0.000s (0.028s)	Loss 0.01403 (0.02001)
2023-11-22 18:19:32,553 Epoch: [5][100/200]	Time 0.476s (0.503s)	Speed 67.2 samples/s	Data 0.000s (0.025s)	Loss 0.02039 (0.01987)
2023-11-22 18:19:37,325 Epoch: [5][110/200]	Time 0.472s (0.500s)	Speed 67.8 samples/s	Data 0.000s (0.023s)	Loss 0.01990 (0.01989)
2023-11-22 18:19:42,088 Epoch: [5][120/200]	Time 0.479s (0.498s)	Speed 66.8 samples/s	Data 0.001s (0.021s)	Loss 0.01799 (0.01973)
2023-11-22 18:19:46,867 Epoch: [5][130/200]	Time 0.481s (0.497s)	Speed 66.5 samples/s	Data 0.001s (0.020s)	Loss 0.02252 (0.01981)
2023-11-22 18:19:51,607 Epoch: [5][140/200]	Time 0.473s (0.495s)	Speed 67.7 samples/s	Data 0.000s (0.018s)	Loss 0.02098 (0.01981)
2023-11-22 18:19:56,354 Epoch: [5][150/200]	Time 0.476s (0.494s)	Speed 67.2 samples/s	Data 0.000s (0.017s)	Loss 0.02258 (0.01978)
2023-11-22 18:20:01,086 Epoch: [5][160/200]	Time 0.472s (0.492s)	Speed 67.8 samples/s	Data 0.000s (0.016s)	Loss 0.02125 (0.01963)
2023-11-22 18:20:05,829 Epoch: [5][170/200]	Time 0.475s (0.491s)	Speed 67.4 samples/s	Data 0.000s (0.015s)	Loss 0.01811 (0.01958)
2023-11-22 18:20:10,589 Epoch: [5][180/200]	Time 0.478s (0.491s)	Speed 66.9 samples/s	Data 0.000s (0.014s)	Loss 0.01887 (0.01961)
2023-11-22 18:20:15,338 Epoch: [5][190/200]	Time 0.472s (0.490s)	Speed 67.8 samples/s	Data 0.000s (0.014s)	Loss 0.01736 (0.01965)
2023-11-22 18:20:22,467 Test: [0/200]	Time 2.512 (2.512)	Loss 0.0808 (0.0808)
2023-11-22 18:20:22,837 Test: [10/200]	Time 0.035 (0.262)	Loss 0.0250 (0.0688)
2023-11-22 18:20:23,210 Test: [20/200]	Time 0.036 (0.155)	Loss 0.0530 (0.0730)
2023-11-22 18:20:23,581 Test: [30/200]	Time 0.036 (0.117)	Loss 0.1321 (0.0806)
2023-11-22 18:20:23,957 Test: [40/200]	Time 0.036 (0.098)	Loss 0.0567 (0.0833)
2023-11-22 18:20:24,330 Test: [50/200]	Time 0.036 (0.086)	Loss 0.1132 (0.0833)
2023-11-22 18:20:24,701 Test: [60/200]	Time 0.037 (0.078)	Loss 0.1243 (0.0858)
2023-11-22 18:20:25,074 Test: [70/200]	Time 0.036 (0.072)	Loss 0.0645 (0.0854)
2023-11-22 18:20:25,446 Test: [80/200]	Time 0.037 (0.068)	Loss 0.1148 (0.0840)
2023-11-22 18:20:25,821 Test: [90/200]	Time 0.037 (0.064)	Loss 0.1084 (0.0860)
2023-11-22 18:20:26,193 Test: [100/200]	Time 0.037 (0.062)	Loss 0.1481 (0.0855)
2023-11-22 18:20:26,562 Test: [110/200]	Time 0.035 (0.060)	Loss 0.1449 (0.0857)
2023-11-22 18:20:26,936 Test: [120/200]	Time 0.036 (0.058)	Loss 0.1141 (0.0840)
2023-11-22 18:20:27,308 Test: [130/200]	Time 0.036 (0.056)	Loss 0.0614 (0.0847)
2023-11-22 18:20:27,677 Test: [140/200]	Time 0.035 (0.055)	Loss 0.0999 (0.0845)
2023-11-22 18:20:28,051 Test: [150/200]	Time 0.036 (0.054)	Loss 0.0695 (0.0831)
2023-11-22 18:20:28,421 Test: [160/200]	Time 0.036 (0.053)	Loss 0.1059 (0.0829)
2023-11-22 18:20:28,793 Test: [170/200]	Time 0.036 (0.052)	Loss 0.0932 (0.0821)
2023-11-22 18:20:29,163 Test: [180/200]	Time 0.036 (0.051)	Loss 0.0629 (0.0813)
2023-11-22 18:20:29,533 Test: [190/200]	Time 0.036 (0.050)	Loss 0.0443 (0.0811)
2023-11-22 18:20:30,988 Mean IoU score: 0.805
2023-11-22 18:20:30,991 => saving checkpoint to out
2023-11-22 18:20:34,019 Epoch: [6][0/200]	Time 3.014s (3.014s)	Speed 10.6 samples/s	Data 2.481s (2.481s)	Loss 0.01689 (0.01689)
2023-11-22 18:20:38,770 Epoch: [6][10/200]	Time 0.478s (0.706s)	Speed 66.9 samples/s	Data 0.000s (0.226s)	Loss 0.02027 (0.01699)
2023-11-22 18:20:43,539 Epoch: [6][20/200]	Time 0.471s (0.597s)	Speed 67.9 samples/s	Data 0.000s (0.119s)	Loss 0.01516 (0.01754)
2023-11-22 18:20:48,322 Epoch: [6][30/200]	Time 0.478s (0.559s)	Speed 66.9 samples/s	Data 0.000s (0.080s)	Loss 0.01661 (0.01765)
2023-11-22 18:20:53,072 Epoch: [6][40/200]	Time 0.474s (0.538s)	Speed 67.5 samples/s	Data 0.000s (0.061s)	Loss 0.01706 (0.01750)
2023-11-22 18:20:57,804 Epoch: [6][50/200]	Time 0.472s (0.525s)	Speed 67.8 samples/s	Data 0.000s (0.049s)	Loss 0.01585 (0.01741)
2023-11-22 18:21:02,538 Epoch: [6][60/200]	Time 0.473s (0.517s)	Speed 67.6 samples/s	Data 0.000s (0.041s)	Loss 0.01374 (0.01716)
2023-11-22 18:21:07,273 Epoch: [6][70/200]	Time 0.472s (0.511s)	Speed 67.8 samples/s	Data 0.000s (0.035s)	Loss 0.01388 (0.01689)
2023-11-22 18:21:12,031 Epoch: [6][80/200]	Time 0.477s (0.506s)	Speed 67.1 samples/s	Data 0.000s (0.031s)	Loss 0.01463 (0.01678)
2023-11-22 18:21:16,801 Epoch: [6][90/200]	Time 0.479s (0.503s)	Speed 66.8 samples/s	Data 0.001s (0.028s)	Loss 0.01751 (0.01670)
2023-11-22 18:21:21,546 Epoch: [6][100/200]	Time 0.471s (0.500s)	Speed 67.9 samples/s	Data 0.000s (0.025s)	Loss 0.01599 (0.01665)
2023-11-22 18:21:26,308 Epoch: [6][110/200]	Time 0.473s (0.498s)	Speed 67.7 samples/s	Data 0.000s (0.023s)	Loss 0.01409 (0.01655)
2023-11-22 18:21:31,080 Epoch: [6][120/200]	Time 0.479s (0.496s)	Speed 66.8 samples/s	Data 0.000s (0.021s)	Loss 0.01749 (0.01649)
2023-11-22 18:21:35,836 Epoch: [6][130/200]	Time 0.473s (0.495s)	Speed 67.7 samples/s	Data 0.001s (0.019s)	Loss 0.01181 (0.01635)
2023-11-22 18:21:40,588 Epoch: [6][140/200]	Time 0.473s (0.493s)	Speed 67.7 samples/s	Data 0.000s (0.018s)	Loss 0.01400 (0.01627)
2023-11-22 18:21:45,351 Epoch: [6][150/200]	Time 0.470s (0.492s)	Speed 68.1 samples/s	Data 0.000s (0.017s)	Loss 0.01540 (0.01620)
2023-11-22 18:21:50,108 Epoch: [6][160/200]	Time 0.478s (0.491s)	Speed 66.9 samples/s	Data 0.000s (0.016s)	Loss 0.01912 (0.01622)
2023-11-22 18:21:54,871 Epoch: [6][170/200]	Time 0.475s (0.490s)	Speed 67.4 samples/s	Data 0.000s (0.015s)	Loss 0.01576 (0.01615)
2023-11-22 18:21:59,637 Epoch: [6][180/200]	Time 0.478s (0.490s)	Speed 66.9 samples/s	Data 0.001s (0.014s)	Loss 0.01094 (0.01613)
2023-11-22 18:22:04,392 Epoch: [6][190/200]	Time 0.472s (0.489s)	Speed 67.8 samples/s	Data 0.000s (0.013s)	Loss 0.01602 (0.01610)
2023-11-22 18:22:11,502 Test: [0/200]	Time 2.487 (2.487)	Loss 0.0680 (0.0680)
2023-11-22 18:22:11,876 Test: [10/200]	Time 0.036 (0.260)	Loss 0.0152 (0.0539)
2023-11-22 18:22:12,246 Test: [20/200]	Time 0.035 (0.154)	Loss 0.0377 (0.0583)
2023-11-22 18:22:12,621 Test: [30/200]	Time 0.036 (0.116)	Loss 0.0813 (0.0620)
2023-11-22 18:22:12,997 Test: [40/200]	Time 0.035 (0.097)	Loss 0.0612 (0.0645)
2023-11-22 18:22:13,368 Test: [50/200]	Time 0.035 (0.085)	Loss 0.0887 (0.0644)
2023-11-22 18:22:13,741 Test: [60/200]	Time 0.037 (0.077)	Loss 0.0844 (0.0656)
2023-11-22 18:22:14,115 Test: [70/200]	Time 0.036 (0.072)	Loss 0.0521 (0.0653)
2023-11-22 18:22:14,485 Test: [80/200]	Time 0.037 (0.068)	Loss 0.0720 (0.0641)
2023-11-22 18:22:14,857 Test: [90/200]	Time 0.036 (0.064)	Loss 0.0768 (0.0661)
2023-11-22 18:22:15,230 Test: [100/200]	Time 0.036 (0.062)	Loss 0.0816 (0.0656)
2023-11-22 18:22:15,600 Test: [110/200]	Time 0.036 (0.059)	Loss 0.1493 (0.0666)
2023-11-22 18:22:15,973 Test: [120/200]	Time 0.037 (0.058)	Loss 0.0678 (0.0655)
2023-11-22 18:22:16,346 Test: [130/200]	Time 0.036 (0.056)	Loss 0.0674 (0.0661)
2023-11-22 18:22:16,717 Test: [140/200]	Time 0.036 (0.055)	Loss 0.0603 (0.0655)
2023-11-22 18:22:17,091 Test: [150/200]	Time 0.037 (0.053)	Loss 0.0534 (0.0648)
2023-11-22 18:22:17,463 Test: [160/200]	Time 0.036 (0.052)	Loss 0.0734 (0.0646)
2023-11-22 18:22:17,836 Test: [170/200]	Time 0.036 (0.052)	Loss 0.0608 (0.0643)
2023-11-22 18:22:18,213 Test: [180/200]	Time 0.036 (0.051)	Loss 0.0475 (0.0636)
2023-11-22 18:22:18,581 Test: [190/200]	Time 0.035 (0.050)	Loss 0.0338 (0.0635)
2023-11-22 18:22:19,993 Mean IoU score: 0.848
2023-11-22 18:22:19,997 => saving checkpoint to out
2023-11-22 18:22:23,075 Epoch: [7][0/200]	Time 3.060s (3.060s)	Speed 10.5 samples/s	Data 2.531s (2.531s)	Loss 0.01436 (0.01436)
2023-11-22 18:22:27,842 Epoch: [7][10/200]	Time 0.476s (0.712s)	Speed 67.2 samples/s	Data 0.000s (0.230s)	Loss 0.01288 (0.01488)
2023-11-22 18:22:32,622 Epoch: [7][20/200]	Time 0.478s (0.600s)	Speed 66.9 samples/s	Data 0.000s (0.121s)	Loss 0.01684 (0.01475)
2023-11-22 18:22:37,393 Epoch: [7][30/200]	Time 0.474s (0.561s)	Speed 67.5 samples/s	Data 0.000s (0.082s)	Loss 0.01570 (0.01443)
2023-11-22 18:22:42,142 Epoch: [7][40/200]	Time 0.477s (0.540s)	Speed 67.1 samples/s	Data 0.000s (0.062s)	Loss 0.01118 (0.01438)
2023-11-22 18:22:46,907 Epoch: [7][50/200]	Time 0.481s (0.527s)	Speed 66.5 samples/s	Data 0.000s (0.050s)	Loss 0.01398 (0.01421)
2023-11-22 18:22:51,682 Epoch: [7][60/200]	Time 0.475s (0.519s)	Speed 67.4 samples/s	Data 0.000s (0.042s)	Loss 0.01303 (0.01415)
2023-11-22 18:22:56,433 Epoch: [7][70/200]	Time 0.475s (0.513s)	Speed 67.4 samples/s	Data 0.000s (0.036s)	Loss 0.01160 (0.01396)
2023-11-22 18:23:01,183 Epoch: [7][80/200]	Time 0.472s (0.508s)	Speed 67.8 samples/s	Data 0.000s (0.032s)	Loss 0.01173 (0.01392)
2023-11-22 18:23:05,925 Epoch: [7][90/200]	Time 0.475s (0.505s)	Speed 67.4 samples/s	Data 0.000s (0.028s)	Loss 0.01577 (0.01376)
2023-11-22 18:23:10,682 Epoch: [7][100/200]	Time 0.475s (0.502s)	Speed 67.4 samples/s	Data 0.000s (0.025s)	Loss 0.01632 (0.01383)
2023-11-22 18:23:15,426 Epoch: [7][110/200]	Time 0.468s (0.499s)	Speed 68.4 samples/s	Data 0.000s (0.023s)	Loss 0.01024 (0.01378)
2023-11-22 18:23:20,196 Epoch: [7][120/200]	Time 0.476s (0.497s)	Speed 67.2 samples/s	Data 0.000s (0.021s)	Loss 0.01303 (0.01384)
2023-11-22 18:23:24,945 Epoch: [7][130/200]	Time 0.477s (0.496s)	Speed 67.1 samples/s	Data 0.000s (0.020s)	Loss 0.01190 (0.01383)
2023-11-22 18:23:29,660 Epoch: [7][140/200]	Time 0.475s (0.494s)	Speed 67.4 samples/s	Data 0.000s (0.018s)	Loss 0.01703 (0.01376)
2023-11-22 18:23:34,404 Epoch: [7][150/200]	Time 0.467s (0.493s)	Speed 68.5 samples/s	Data 0.000s (0.017s)	Loss 0.01125 (0.01368)
2023-11-22 18:23:39,147 Epoch: [7][160/200]	Time 0.478s (0.492s)	Speed 66.9 samples/s	Data 0.001s (0.016s)	Loss 0.01525 (0.01362)
2023-11-22 18:23:43,919 Epoch: [7][170/200]	Time 0.483s (0.491s)	Speed 66.2 samples/s	Data 0.000s (0.015s)	Loss 0.01450 (0.01363)
2023-11-22 18:23:48,692 Epoch: [7][180/200]	Time 0.479s (0.490s)	Speed 66.8 samples/s	Data 0.001s (0.014s)	Loss 0.01223 (0.01362)
2023-11-22 18:23:53,456 Epoch: [7][190/200]	Time 0.477s (0.489s)	Speed 67.1 samples/s	Data 0.001s (0.014s)	Loss 0.01241 (0.01365)
2023-11-22 18:24:00,524 Test: [0/200]	Time 2.451 (2.451)	Loss 0.0634 (0.0634)
2023-11-22 18:24:00,897 Test: [10/200]	Time 0.036 (0.257)	Loss 0.0128 (0.0518)
2023-11-22 18:24:01,266 Test: [20/200]	Time 0.035 (0.152)	Loss 0.0333 (0.0576)
2023-11-22 18:24:01,637 Test: [30/200]	Time 0.036 (0.115)	Loss 0.0896 (0.0636)
2023-11-22 18:24:02,014 Test: [40/200]	Time 0.036 (0.096)	Loss 0.0524 (0.0648)
2023-11-22 18:24:02,383 Test: [50/200]	Time 0.035 (0.085)	Loss 0.0976 (0.0647)
2023-11-22 18:24:02,757 Test: [60/200]	Time 0.036 (0.077)	Loss 0.1090 (0.0669)
2023-11-22 18:24:03,129 Test: [70/200]	Time 0.036 (0.071)	Loss 0.0488 (0.0668)
2023-11-22 18:24:03,500 Test: [80/200]	Time 0.037 (0.067)	Loss 0.0763 (0.0652)
2023-11-22 18:24:03,875 Test: [90/200]	Time 0.038 (0.064)	Loss 0.0879 (0.0666)
2023-11-22 18:24:04,246 Test: [100/200]	Time 0.036 (0.061)	Loss 0.1059 (0.0662)
2023-11-22 18:24:04,618 Test: [110/200]	Time 0.037 (0.059)	Loss 0.1459 (0.0668)
2023-11-22 18:24:04,991 Test: [120/200]	Time 0.036 (0.057)	Loss 0.0790 (0.0654)
2023-11-22 18:24:05,363 Test: [130/200]	Time 0.035 (0.056)	Loss 0.0594 (0.0656)
2023-11-22 18:24:05,735 Test: [140/200]	Time 0.036 (0.054)	Loss 0.0604 (0.0651)
2023-11-22 18:24:06,107 Test: [150/200]	Time 0.036 (0.053)	Loss 0.0526 (0.0642)
2023-11-22 18:24:06,477 Test: [160/200]	Time 0.036 (0.052)	Loss 0.0802 (0.0641)
2023-11-22 18:24:06,849 Test: [170/200]	Time 0.036 (0.051)	Loss 0.0623 (0.0636)
2023-11-22 18:24:07,222 Test: [180/200]	Time 0.036 (0.051)	Loss 0.0405 (0.0630)
2023-11-22 18:24:07,594 Test: [190/200]	Time 0.036 (0.050)	Loss 0.0271 (0.0629)
2023-11-22 18:24:09,005 Mean IoU score: 0.851
2023-11-22 18:24:09,008 => saving checkpoint to out
2023-11-22 18:24:12,040 Epoch: [8][0/200]	Time 3.014s (3.014s)	Speed 10.6 samples/s	Data 2.505s (2.505s)	Loss 0.01201 (0.01201)
2023-11-22 18:24:16,811 Epoch: [8][10/200]	Time 0.477s (0.708s)	Speed 67.1 samples/s	Data 0.000s (0.228s)	Loss 0.01033 (0.01196)
2023-11-22 18:24:21,567 Epoch: [8][20/200]	Time 0.472s (0.597s)	Speed 67.8 samples/s	Data 0.000s (0.120s)	Loss 0.01139 (0.01229)
2023-11-22 18:24:26,326 Epoch: [8][30/200]	Time 0.476s (0.558s)	Speed 67.2 samples/s	Data 0.000s (0.081s)	Loss 0.01135 (0.01224)
2023-11-22 18:24:31,086 Epoch: [8][40/200]	Time 0.473s (0.538s)	Speed 67.6 samples/s	Data 0.000s (0.061s)	Loss 0.00970 (0.01215)
2023-11-22 18:24:35,889 Epoch: [8][50/200]	Time 0.481s (0.527s)	Speed 66.5 samples/s	Data 0.000s (0.049s)	Loss 0.01262 (0.01228)
2023-11-22 18:24:40,673 Epoch: [8][60/200]	Time 0.476s (0.519s)	Speed 67.2 samples/s	Data 0.000s (0.041s)	Loss 0.01378 (0.01222)
2023-11-22 18:24:45,437 Epoch: [8][70/200]	Time 0.474s (0.513s)	Speed 67.5 samples/s	Data 0.000s (0.036s)	Loss 0.01226 (0.01212)
2023-11-22 18:24:50,209 Epoch: [8][80/200]	Time 0.474s (0.508s)	Speed 67.5 samples/s	Data 0.000s (0.031s)	Loss 0.00885 (0.01205)
2023-11-22 18:24:55,013 Epoch: [8][90/200]	Time 0.472s (0.505s)	Speed 67.8 samples/s	Data 0.000s (0.028s)	Loss 0.00993 (0.01192)
2023-11-22 18:24:59,788 Epoch: [8][100/200]	Time 0.478s (0.503s)	Speed 66.9 samples/s	Data 0.000s (0.025s)	Loss 0.01216 (0.01195)
2023-11-22 18:25:04,554 Epoch: [8][110/200]	Time 0.477s (0.500s)	Speed 67.1 samples/s	Data 0.000s (0.023s)	Loss 0.01356 (0.01194)
2023-11-22 18:25:09,477 Epoch: [8][120/200]	Time 0.491s (0.500s)	Speed 65.2 samples/s	Data 0.001s (0.021s)	Loss 0.01226 (0.01202)
2023-11-22 18:25:14,285 Epoch: [8][130/200]	Time 0.478s (0.498s)	Speed 67.0 samples/s	Data 0.000s (0.019s)	Loss 0.00873 (0.01201)
2023-11-22 18:25:19,099 Epoch: [8][140/200]	Time 0.482s (0.497s)	Speed 66.4 samples/s	Data 0.000s (0.018s)	Loss 0.01426 (0.01204)
2023-11-22 18:25:23,933 Epoch: [8][150/200]	Time 0.483s (0.496s)	Speed 66.3 samples/s	Data 0.000s (0.017s)	Loss 0.01092 (0.01200)
2023-11-22 18:25:28,719 Epoch: [8][160/200]	Time 0.482s (0.495s)	Speed 66.4 samples/s	Data 0.000s (0.016s)	Loss 0.01245 (0.01202)
2023-11-22 18:25:33,545 Epoch: [8][170/200]	Time 0.515s (0.494s)	Speed 62.1 samples/s	Data 0.001s (0.015s)	Loss 0.01099 (0.01200)
2023-11-22 18:25:38,326 Epoch: [8][180/200]	Time 0.483s (0.493s)	Speed 66.3 samples/s	Data 0.001s (0.014s)	Loss 0.01394 (0.01199)
2023-11-22 18:25:43,188 Epoch: [8][190/200]	Time 0.492s (0.493s)	Speed 65.0 samples/s	Data 0.000s (0.013s)	Loss 0.01253 (0.01194)
2023-11-22 18:25:50,411 Test: [0/200]	Time 2.448 (2.448)	Loss 0.0547 (0.0547)
2023-11-22 18:25:50,781 Test: [10/200]	Time 0.035 (0.256)	Loss 0.0123 (0.0510)
2023-11-22 18:25:51,155 Test: [20/200]	Time 0.036 (0.152)	Loss 0.0293 (0.0558)
2023-11-22 18:25:51,526 Test: [30/200]	Time 0.036 (0.115)	Loss 0.0897 (0.0626)
2023-11-22 18:25:51,902 Test: [40/200]	Time 0.036 (0.096)	Loss 0.0580 (0.0645)
2023-11-22 18:25:52,276 Test: [50/200]	Time 0.036 (0.085)	Loss 0.1065 (0.0639)
2023-11-22 18:25:52,665 Test: [60/200]	Time 0.038 (0.077)	Loss 0.1118 (0.0662)
2023-11-22 18:25:53,058 Test: [70/200]	Time 0.037 (0.072)	Loss 0.0423 (0.0658)
2023-11-22 18:25:53,438 Test: [80/200]	Time 0.037 (0.068)	Loss 0.0682 (0.0640)
2023-11-22 18:25:53,819 Test: [90/200]	Time 0.037 (0.064)	Loss 0.0891 (0.0654)
2023-11-22 18:25:54,194 Test: [100/200]	Time 0.037 (0.062)	Loss 0.1056 (0.0651)
2023-11-22 18:25:54,587 Test: [110/200]	Time 0.053 (0.060)	Loss 0.1480 (0.0658)
2023-11-22 18:25:55,028 Test: [120/200]	Time 0.039 (0.058)	Loss 0.0824 (0.0642)
2023-11-22 18:25:55,407 Test: [130/200]	Time 0.037 (0.057)	Loss 0.0570 (0.0645)
2023-11-22 18:25:55,785 Test: [140/200]	Time 0.036 (0.055)	Loss 0.0581 (0.0641)
2023-11-22 18:25:56,223 Test: [150/200]	Time 0.040 (0.055)	Loss 0.0520 (0.0631)
2023-11-22 18:25:56,609 Test: [160/200]	Time 0.036 (0.054)	Loss 0.0718 (0.0629)
2023-11-22 18:25:57,001 Test: [170/200]	Time 0.036 (0.053)	Loss 0.0593 (0.0624)
2023-11-22 18:25:57,374 Test: [180/200]	Time 0.036 (0.052)	Loss 0.0411 (0.0618)
2023-11-22 18:25:57,750 Test: [190/200]	Time 0.036 (0.051)	Loss 0.0267 (0.0616)
2023-11-22 18:25:59,222 Mean IoU score: 0.854
2023-11-22 18:25:59,225 => saving checkpoint to out
2023-11-22 18:26:02,431 Epoch: [9][0/200]	Time 3.186s (3.186s)	Speed 10.0 samples/s	Data 2.581s (2.581s)	Loss 0.01153 (0.01153)
2023-11-22 18:26:07,870 Epoch: [9][10/200]	Time 0.496s (0.784s)	Speed 64.5 samples/s	Data 0.000s (0.235s)	Loss 0.01081 (0.01100)
2023-11-22 18:26:12,924 Epoch: [9][20/200]	Time 0.510s (0.651s)	Speed 62.7 samples/s	Data 0.000s (0.123s)	Loss 0.01608 (0.01139)
2023-11-22 18:26:18,049 Epoch: [9][30/200]	Time 0.505s (0.607s)	Speed 63.4 samples/s	Data 0.000s (0.084s)	Loss 0.01011 (0.01143)
2023-11-22 18:26:22,965 Epoch: [9][40/200]	Time 0.492s (0.579s)	Speed 65.0 samples/s	Data 0.000s (0.063s)	Loss 0.01112 (0.01146)
2023-11-22 18:26:28,140 Epoch: [9][50/200]	Time 0.495s (0.567s)	Speed 64.6 samples/s	Data 0.000s (0.051s)	Loss 0.00759 (0.01131)
2023-11-22 18:26:33,155 Epoch: [9][60/200]	Time 0.511s (0.556s)	Speed 62.6 samples/s	Data 0.000s (0.043s)	Loss 0.01131 (0.01113)
2023-11-22 18:26:38,081 Epoch: [9][70/200]	Time 0.489s (0.547s)	Speed 65.4 samples/s	Data 0.000s (0.037s)	Loss 0.01039 (0.01113)
2023-11-22 18:26:43,028 Epoch: [9][80/200]	Time 0.490s (0.541s)	Speed 65.3 samples/s	Data 0.001s (0.032s)	Loss 0.00852 (0.01114)
2023-11-22 18:26:47,967 Epoch: [9][90/200]	Time 0.496s (0.535s)	Speed 64.5 samples/s	Data 0.000s (0.029s)	Loss 0.01135 (0.01108)
2023-11-22 18:26:52,881 Epoch: [9][100/200]	Time 0.495s (0.531s)	Speed 64.6 samples/s	Data 0.000s (0.026s)	Loss 0.01635 (0.01113)
2023-11-22 18:26:57,789 Epoch: [9][110/200]	Time 0.494s (0.527s)	Speed 64.7 samples/s	Data 0.000s (0.024s)	Loss 0.01155 (0.01111)
2023-11-22 18:27:02,780 Epoch: [9][120/200]	Time 0.505s (0.525s)	Speed 63.4 samples/s	Data 0.001s (0.022s)	Loss 0.01004 (0.01104)
2023-11-22 18:27:07,776 Epoch: [9][130/200]	Time 0.491s (0.523s)	Speed 65.2 samples/s	Data 0.000s (0.020s)	Loss 0.00843 (0.01109)
2023-11-22 18:27:12,683 Epoch: [9][140/200]	Time 0.492s (0.521s)	Speed 65.0 samples/s	Data 0.000s (0.019s)	Loss 0.01191 (0.01109)
2023-11-22 18:27:17,626 Epoch: [9][150/200]	Time 0.499s (0.519s)	Speed 64.1 samples/s	Data 0.000s (0.017s)	Loss 0.00922 (0.01108)
2023-11-22 18:27:22,640 Epoch: [9][160/200]	Time 0.495s (0.518s)	Speed 64.6 samples/s	Data 0.001s (0.016s)	Loss 0.01167 (0.01107)
2023-11-22 18:27:27,647 Epoch: [9][170/200]	Time 0.498s (0.517s)	Speed 64.3 samples/s	Data 0.001s (0.015s)	Loss 0.01102 (0.01101)
2023-11-22 18:27:32,686 Epoch: [9][180/200]	Time 0.499s (0.516s)	Speed 64.1 samples/s	Data 0.000s (0.015s)	Loss 0.01017 (0.01099)
2023-11-22 18:27:37,691 Epoch: [9][190/200]	Time 0.501s (0.515s)	Speed 63.9 samples/s	Data 0.001s (0.014s)	Loss 0.00850 (0.01095)
2023-11-22 18:27:45,230 Test: [0/200]	Time 2.618 (2.618)	Loss 0.0693 (0.0693)
2023-11-22 18:27:45,621 Test: [10/200]	Time 0.036 (0.274)	Loss 0.0123 (0.0471)
2023-11-22 18:27:46,015 Test: [20/200]	Time 0.037 (0.162)	Loss 0.0269 (0.0528)
2023-11-22 18:27:46,405 Test: [30/200]	Time 0.038 (0.122)	Loss 0.0731 (0.0565)
2023-11-22 18:27:46,802 Test: [40/200]	Time 0.038 (0.102)	Loss 0.0552 (0.0593)
2023-11-22 18:27:47,205 Test: [50/200]	Time 0.038 (0.090)	Loss 0.0955 (0.0589)
2023-11-22 18:27:47,600 Test: [60/200]	Time 0.038 (0.082)	Loss 0.0807 (0.0602)
2023-11-22 18:27:48,002 Test: [70/200]	Time 0.038 (0.076)	Loss 0.0441 (0.0602)
2023-11-22 18:27:48,407 Test: [80/200]	Time 0.038 (0.072)	Loss 0.0685 (0.0588)
2023-11-22 18:27:48,806 Test: [90/200]	Time 0.038 (0.068)	Loss 0.0868 (0.0607)
2023-11-22 18:27:49,203 Test: [100/200]	Time 0.039 (0.065)	Loss 0.0939 (0.0603)
2023-11-22 18:27:49,618 Test: [110/200]	Time 0.039 (0.063)	Loss 0.1538 (0.0612)
2023-11-22 18:27:50,014 Test: [120/200]	Time 0.039 (0.061)	Loss 0.0676 (0.0600)
2023-11-22 18:27:50,412 Test: [130/200]	Time 0.039 (0.060)	Loss 0.0558 (0.0605)
2023-11-22 18:27:50,809 Test: [140/200]	Time 0.038 (0.058)	Loss 0.0619 (0.0600)
2023-11-22 18:27:51,200 Test: [150/200]	Time 0.039 (0.057)	Loss 0.0467 (0.0594)
2023-11-22 18:27:51,596 Test: [160/200]	Time 0.038 (0.056)	Loss 0.0779 (0.0593)
2023-11-22 18:27:51,996 Test: [170/200]	Time 0.038 (0.055)	Loss 0.0566 (0.0592)
2023-11-22 18:27:52,389 Test: [180/200]	Time 0.037 (0.054)	Loss 0.0354 (0.0585)
2023-11-22 18:27:52,780 Test: [190/200]	Time 0.038 (0.053)	Loss 0.0256 (0.0583)
2023-11-22 18:27:54,276 Mean IoU score: 0.860
2023-11-22 18:27:54,279 => saving checkpoint to out
2023-11-22 18:27:57,607 Epoch: [10][0/200]	Time 3.308s (3.308s)	Speed 9.7 samples/s	Data 2.696s (2.696s)	Loss 0.00760 (0.00760)
2023-11-22 18:28:02,660 Epoch: [10][10/200]	Time 0.496s (0.760s)	Speed 64.5 samples/s	Data 0.000s (0.245s)	Loss 0.00855 (0.00976)
2023-11-22 18:28:07,664 Epoch: [10][20/200]	Time 0.498s (0.636s)	Speed 64.3 samples/s	Data 0.000s (0.129s)	Loss 0.00998 (0.00939)
2023-11-22 18:28:12,697 Epoch: [10][30/200]	Time 0.502s (0.593s)	Speed 63.7 samples/s	Data 0.000s (0.087s)	Loss 0.01094 (0.00967)
2023-11-22 18:28:17,706 Epoch: [10][40/200]	Time 0.499s (0.571s)	Speed 64.1 samples/s	Data 0.000s (0.066s)	Loss 0.00899 (0.00996)
2023-11-22 18:28:22,720 Epoch: [10][50/200]	Time 0.503s (0.557s)	Speed 63.6 samples/s	Data 0.000s (0.053s)	Loss 0.01348 (0.01003)
2023-11-22 18:28:27,735 Epoch: [10][60/200]	Time 0.505s (0.548s)	Speed 63.4 samples/s	Data 0.000s (0.045s)	Loss 0.01367 (0.01012)
2023-11-22 18:28:32,730 Epoch: [10][70/200]	Time 0.499s (0.541s)	Speed 64.1 samples/s	Data 0.000s (0.038s)	Loss 0.00874 (0.01012)
2023-11-22 18:28:37,738 Epoch: [10][80/200]	Time 0.499s (0.536s)	Speed 64.1 samples/s	Data 0.000s (0.034s)	Loss 0.01050 (0.01009)
2023-11-22 18:28:42,737 Epoch: [10][90/200]	Time 0.498s (0.532s)	Speed 64.3 samples/s	Data 0.000s (0.030s)	Loss 0.00818 (0.01006)
2023-11-22 18:28:47,754 Epoch: [10][100/200]	Time 0.509s (0.529s)	Speed 62.9 samples/s	Data 0.000s (0.027s)	Loss 0.00904 (0.01012)
2023-11-22 18:28:52,746 Epoch: [10][110/200]	Time 0.496s (0.527s)	Speed 64.5 samples/s	Data 0.000s (0.025s)	Loss 0.00781 (0.01012)
2023-11-22 18:28:57,752 Epoch: [10][120/200]	Time 0.503s (0.524s)	Speed 63.6 samples/s	Data 0.001s (0.023s)	Loss 0.01122 (0.01024)
2023-11-22 18:29:02,759 Epoch: [10][130/200]	Time 0.506s (0.523s)	Speed 63.2 samples/s	Data 0.001s (0.021s)	Loss 0.01046 (0.01028)
2023-11-22 18:29:07,745 Epoch: [10][140/200]	Time 0.501s (0.521s)	Speed 63.9 samples/s	Data 0.000s (0.019s)	Loss 0.01113 (0.01041)
2023-11-22 18:29:12,751 Epoch: [10][150/200]	Time 0.500s (0.520s)	Speed 64.0 samples/s	Data 0.000s (0.018s)	Loss 0.01137 (0.01047)
2023-11-22 18:29:17,748 Epoch: [10][160/200]	Time 0.500s (0.518s)	Speed 64.0 samples/s	Data 0.000s (0.017s)	Loss 0.01026 (0.01058)
2023-11-22 18:29:22,738 Epoch: [10][170/200]	Time 0.503s (0.517s)	Speed 63.6 samples/s	Data 0.001s (0.016s)	Loss 0.01364 (0.01071)
2023-11-22 18:29:27,734 Epoch: [10][180/200]	Time 0.500s (0.516s)	Speed 64.0 samples/s	Data 0.000s (0.015s)	Loss 0.01172 (0.01073)
2023-11-22 18:29:32,711 Epoch: [10][190/200]	Time 0.499s (0.515s)	Speed 64.1 samples/s	Data 0.000s (0.014s)	Loss 0.01338 (0.01080)
2023-11-22 18:29:40,154 Test: [0/200]	Time 2.591 (2.591)	Loss 0.1295 (0.1295)
2023-11-22 18:29:40,539 Test: [10/200]	Time 0.037 (0.271)	Loss 0.0155 (0.1186)
2023-11-22 18:29:40,928 Test: [20/200]	Time 0.037 (0.160)	Loss 0.0748 (0.1263)
2023-11-22 18:29:41,312 Test: [30/200]	Time 0.038 (0.121)	Loss 0.2357 (0.1317)
2023-11-22 18:29:41,699 Test: [40/200]	Time 0.037 (0.101)	Loss 0.1377 (0.1409)
2023-11-22 18:29:42,091 Test: [50/200]	Time 0.037 (0.089)	Loss 0.2207 (0.1388)
2023-11-22 18:29:42,477 Test: [60/200]	Time 0.038 (0.081)	Loss 0.1669 (0.1452)
2023-11-22 18:29:42,866 Test: [70/200]	Time 0.039 (0.075)	Loss 0.1724 (0.1466)
2023-11-22 18:29:43,253 Test: [80/200]	Time 0.038 (0.070)	Loss 0.1463 (0.1441)
2023-11-22 18:29:43,640 Test: [90/200]	Time 0.038 (0.067)	Loss 0.2627 (0.1484)
2023-11-22 18:29:44,030 Test: [100/200]	Time 0.038 (0.064)	Loss 0.2309 (0.1485)
2023-11-22 18:29:44,416 Test: [110/200]	Time 0.037 (0.062)	Loss 0.2697 (0.1506)
2023-11-22 18:29:44,805 Test: [120/200]	Time 0.038 (0.060)	Loss 0.2107 (0.1478)
2023-11-22 18:29:45,195 Test: [130/200]	Time 0.037 (0.058)	Loss 0.1600 (0.1507)
2023-11-22 18:29:45,581 Test: [140/200]	Time 0.037 (0.057)	Loss 0.1609 (0.1494)
2023-11-22 18:29:45,967 Test: [150/200]	Time 0.038 (0.056)	Loss 0.0698 (0.1479)
2023-11-22 18:29:46,354 Test: [160/200]	Time 0.037 (0.055)	Loss 0.1174 (0.1462)
2023-11-22 18:29:46,743 Test: [170/200]	Time 0.038 (0.054)	Loss 0.1609 (0.1446)
2023-11-22 18:29:47,130 Test: [180/200]	Time 0.036 (0.053)	Loss 0.1349 (0.1423)
2023-11-22 18:29:47,516 Test: [190/200]	Time 0.037 (0.052)	Loss 0.1225 (0.1418)
2023-11-22 18:29:49,054 Mean IoU score: 0.725
2023-11-22 18:29:49,059 => saving checkpoint to out
2023-11-22 18:29:52,292 Epoch: [11][0/200]	Time 3.219s (3.219s)	Speed 9.9 samples/s	Data 2.672s (2.672s)	Loss 0.01386 (0.01386)
2023-11-22 18:29:57,284 Epoch: [11][10/200]	Time 0.501s (0.746s)	Speed 63.9 samples/s	Data 0.000s (0.243s)	Loss 0.01300 (0.01344)
2023-11-22 18:30:02,274 Epoch: [11][20/200]	Time 0.500s (0.629s)	Speed 64.0 samples/s	Data 0.000s (0.128s)	Loss 0.01464 (0.01322)
2023-11-22 18:30:07,270 Epoch: [11][30/200]	Time 0.499s (0.587s)	Speed 64.1 samples/s	Data 0.000s (0.087s)	Loss 0.01164 (0.01323)
2023-11-22 18:30:12,185 Epoch: [11][40/200]	Time 0.482s (0.564s)	Speed 66.4 samples/s	Data 0.000s (0.065s)	Loss 0.01644 (0.01338)
2023-11-22 18:30:17,149 Epoch: [11][50/200]	Time 0.502s (0.551s)	Speed 63.7 samples/s	Data 0.001s (0.053s)	Loss 0.01312 (0.01348)
2023-11-22 18:30:22,154 Epoch: [11][60/200]	Time 0.501s (0.542s)	Speed 63.9 samples/s	Data 0.000s (0.044s)	Loss 0.02100 (0.01428)
2023-11-22 18:30:27,158 Epoch: [11][70/200]	Time 0.499s (0.536s)	Speed 64.1 samples/s	Data 0.000s (0.038s)	Loss 0.01841 (0.01540)
2023-11-22 18:30:32,161 Epoch: [11][80/200]	Time 0.502s (0.532s)	Speed 63.7 samples/s	Data 0.000s (0.033s)	Loss 0.01808 (0.01588)
2023-11-22 18:30:37,167 Epoch: [11][90/200]	Time 0.505s (0.529s)	Speed 63.4 samples/s	Data 0.000s (0.030s)	Loss 0.01786 (0.01619)
2023-11-22 18:30:42,169 Epoch: [11][100/200]	Time 0.500s (0.526s)	Speed 64.0 samples/s	Data 0.000s (0.027s)	Loss 0.01694 (0.01631)
2023-11-22 18:30:47,176 Epoch: [11][110/200]	Time 0.499s (0.523s)	Speed 64.1 samples/s	Data 0.000s (0.024s)	Loss 0.02460 (0.01623)
2023-11-22 18:30:52,212 Epoch: [11][120/200]	Time 0.502s (0.522s)	Speed 63.7 samples/s	Data 0.000s (0.022s)	Loss 0.01663 (0.01637)
2023-11-22 18:30:57,199 Epoch: [11][130/200]	Time 0.502s (0.520s)	Speed 63.7 samples/s	Data 0.001s (0.021s)	Loss 0.01305 (0.01625)
2023-11-22 18:31:02,200 Epoch: [11][140/200]	Time 0.502s (0.519s)	Speed 63.7 samples/s	Data 0.000s (0.019s)	Loss 0.01925 (0.01645)
2023-11-22 18:31:07,221 Epoch: [11][150/200]	Time 0.505s (0.518s)	Speed 63.4 samples/s	Data 0.000s (0.018s)	Loss 0.01728 (0.01642)
2023-11-22 18:31:12,230 Epoch: [11][160/200]	Time 0.499s (0.517s)	Speed 64.1 samples/s	Data 0.000s (0.017s)	Loss 0.01893 (0.01633)
2023-11-22 18:31:17,236 Epoch: [11][170/200]	Time 0.502s (0.516s)	Speed 63.7 samples/s	Data 0.000s (0.016s)	Loss 0.01644 (0.01635)
2023-11-22 18:31:22,229 Epoch: [11][180/200]	Time 0.497s (0.515s)	Speed 64.4 samples/s	Data 0.000s (0.015s)	Loss 0.01368 (0.01626)
2023-11-22 18:31:27,240 Epoch: [11][190/200]	Time 0.499s (0.514s)	Speed 64.1 samples/s	Data 0.000s (0.014s)	Loss 0.01312 (0.01618)
2023-11-22 18:31:34,785 Test: [0/200]	Time 2.664 (2.664)	Loss 0.0747 (0.0747)
2023-11-22 18:31:35,181 Test: [10/200]	Time 0.038 (0.278)	Loss 0.0087 (0.0705)
2023-11-22 18:31:35,576 Test: [20/200]	Time 0.038 (0.165)	Loss 0.0521 (0.0740)
2023-11-22 18:31:35,971 Test: [30/200]	Time 0.038 (0.124)	Loss 0.1254 (0.0842)
2023-11-22 18:31:36,364 Test: [40/200]	Time 0.038 (0.103)	Loss 0.0561 (0.0844)
2023-11-22 18:31:36,758 Test: [50/200]	Time 0.038 (0.091)	Loss 0.1387 (0.0847)
2023-11-22 18:31:37,150 Test: [60/200]	Time 0.039 (0.082)	Loss 0.1352 (0.0879)
2023-11-22 18:31:37,541 Test: [70/200]	Time 0.037 (0.076)	Loss 0.0943 (0.0880)
2023-11-22 18:31:37,932 Test: [80/200]	Time 0.039 (0.072)	Loss 0.0900 (0.0858)
2023-11-22 18:31:38,321 Test: [90/200]	Time 0.037 (0.068)	Loss 0.1939 (0.0875)
2023-11-22 18:31:38,709 Test: [100/200]	Time 0.038 (0.065)	Loss 0.1551 (0.0872)
2023-11-22 18:31:39,104 Test: [110/200]	Time 0.040 (0.063)	Loss 0.1273 (0.0869)
2023-11-22 18:31:39,493 Test: [120/200]	Time 0.038 (0.061)	Loss 0.1430 (0.0857)
2023-11-22 18:31:39,886 Test: [130/200]	Time 0.039 (0.059)	Loss 0.0689 (0.0860)
2023-11-22 18:31:40,277 Test: [140/200]	Time 0.038 (0.058)	Loss 0.0739 (0.0850)
2023-11-22 18:31:40,663 Test: [150/200]	Time 0.037 (0.057)	Loss 0.0645 (0.0840)
2023-11-22 18:31:41,056 Test: [160/200]	Time 0.038 (0.055)	Loss 0.0993 (0.0837)
2023-11-22 18:31:41,444 Test: [170/200]	Time 0.037 (0.055)	Loss 0.0972 (0.0827)
2023-11-22 18:31:41,835 Test: [180/200]	Time 0.038 (0.054)	Loss 0.0645 (0.0822)
2023-11-22 18:31:42,224 Test: [190/200]	Time 0.037 (0.053)	Loss 0.0413 (0.0816)
2023-11-22 18:31:43,735 Mean IoU score: 0.810
2023-11-22 18:31:43,738 => saving checkpoint to out
2023-11-22 18:31:46,956 Epoch: [12][0/200]	Time 3.202s (3.202s)	Speed 10.0 samples/s	Data 2.662s (2.662s)	Loss 0.01752 (0.01752)
2023-11-22 18:31:51,988 Epoch: [12][10/200]	Time 0.504s (0.749s)	Speed 63.5 samples/s	Data 0.000s (0.242s)	Loss 0.01521 (0.01596)
2023-11-22 18:31:57,001 Epoch: [12][20/200]	Time 0.505s (0.631s)	Speed 63.4 samples/s	Data 0.001s (0.127s)	Loss 0.01774 (0.01505)
2023-11-22 18:32:02,018 Epoch: [12][30/200]	Time 0.502s (0.589s)	Speed 63.7 samples/s	Data 0.000s (0.086s)	Loss 0.01327 (0.01459)
2023-11-22 18:32:07,051 Epoch: [12][40/200]	Time 0.499s (0.568s)	Speed 64.1 samples/s	Data 0.000s (0.065s)	Loss 0.01274 (0.01455)
2023-11-22 18:32:12,062 Epoch: [12][50/200]	Time 0.502s (0.555s)	Speed 63.7 samples/s	Data 0.000s (0.053s)	Loss 0.01113 (0.01412)
2023-11-22 18:32:17,064 Epoch: [12][60/200]	Time 0.500s (0.546s)	Speed 64.0 samples/s	Data 0.000s (0.044s)	Loss 0.00889 (0.01382)
2023-11-22 18:32:22,100 Epoch: [12][70/200]	Time 0.503s (0.540s)	Speed 63.6 samples/s	Data 0.001s (0.038s)	Loss 0.01352 (0.01354)
2023-11-22 18:32:27,111 Epoch: [12][80/200]	Time 0.503s (0.535s)	Speed 63.6 samples/s	Data 0.000s (0.033s)	Loss 0.01778 (0.01348)
2023-11-22 18:32:32,128 Epoch: [12][90/200]	Time 0.500s (0.532s)	Speed 64.0 samples/s	Data 0.000s (0.030s)	Loss 0.01002 (0.01333)
2023-11-22 18:32:37,133 Epoch: [12][100/200]	Time 0.502s (0.529s)	Speed 63.7 samples/s	Data 0.000s (0.027s)	Loss 0.01237 (0.01315)
2023-11-22 18:32:42,135 Epoch: [12][110/200]	Time 0.499s (0.526s)	Speed 64.1 samples/s	Data 0.000s (0.024s)	Loss 0.00939 (0.01310)
2023-11-22 18:32:47,137 Epoch: [12][120/200]	Time 0.501s (0.524s)	Speed 63.9 samples/s	Data 0.000s (0.022s)	Loss 0.01107 (0.01300)
2023-11-22 18:32:52,163 Epoch: [12][130/200]	Time 0.502s (0.522s)	Speed 63.7 samples/s	Data 0.000s (0.021s)	Loss 0.01197 (0.01296)
2023-11-22 18:32:57,178 Epoch: [12][140/200]	Time 0.499s (0.521s)	Speed 64.1 samples/s	Data 0.001s (0.019s)	Loss 0.01504 (0.01292)
2023-11-22 18:33:02,178 Epoch: [12][150/200]	Time 0.498s (0.519s)	Speed 64.3 samples/s	Data 0.000s (0.018s)	Loss 0.01232 (0.01285)
2023-11-22 18:33:07,239 Epoch: [12][160/200]	Time 0.503s (0.519s)	Speed 63.6 samples/s	Data 0.000s (0.017s)	Loss 0.01368 (0.01277)
2023-11-22 18:33:12,290 Epoch: [12][170/200]	Time 0.499s (0.518s)	Speed 64.1 samples/s	Data 0.001s (0.016s)	Loss 0.00973 (0.01271)
2023-11-22 18:33:17,286 Epoch: [12][180/200]	Time 0.496s (0.517s)	Speed 64.5 samples/s	Data 0.000s (0.015s)	Loss 0.00960 (0.01263)
2023-11-22 18:33:22,283 Epoch: [12][190/200]	Time 0.501s (0.516s)	Speed 63.9 samples/s	Data 0.000s (0.014s)	Loss 0.00987 (0.01252)
2023-11-22 18:33:29,857 Test: [0/200]	Time 2.696 (2.696)	Loss 0.1040 (0.1040)
2023-11-22 18:33:30,244 Test: [10/200]	Time 0.035 (0.280)	Loss 0.0079 (0.0619)
2023-11-22 18:33:30,632 Test: [20/200]	Time 0.037 (0.165)	Loss 0.0554 (0.0707)
2023-11-22 18:33:31,024 Test: [30/200]	Time 0.039 (0.125)	Loss 0.1122 (0.0806)
2023-11-22 18:33:31,415 Test: [40/200]	Time 0.038 (0.104)	Loss 0.0472 (0.0795)
2023-11-22 18:33:31,803 Test: [50/200]	Time 0.037 (0.091)	Loss 0.1213 (0.0811)
2023-11-22 18:33:32,195 Test: [60/200]	Time 0.038 (0.083)	Loss 0.1027 (0.0816)
2023-11-22 18:33:32,590 Test: [70/200]	Time 0.038 (0.076)	Loss 0.0812 (0.0803)
2023-11-22 18:33:32,981 Test: [80/200]	Time 0.038 (0.072)	Loss 0.0748 (0.0782)
2023-11-22 18:33:33,368 Test: [90/200]	Time 0.038 (0.068)	Loss 0.1741 (0.0812)
2023-11-22 18:33:33,759 Test: [100/200]	Time 0.038 (0.065)	Loss 0.0987 (0.0810)
2023-11-22 18:33:34,151 Test: [110/200]	Time 0.037 (0.063)	Loss 0.1592 (0.0812)
2023-11-22 18:33:34,536 Test: [120/200]	Time 0.037 (0.061)	Loss 0.1047 (0.0799)
2023-11-22 18:33:34,929 Test: [130/200]	Time 0.038 (0.059)	Loss 0.0626 (0.0795)
2023-11-22 18:33:35,319 Test: [140/200]	Time 0.038 (0.058)	Loss 0.0750 (0.0786)
2023-11-22 18:33:35,706 Test: [150/200]	Time 0.037 (0.057)	Loss 0.0857 (0.0779)
2023-11-22 18:33:36,094 Test: [160/200]	Time 0.038 (0.055)	Loss 0.1166 (0.0777)
2023-11-22 18:33:36,482 Test: [170/200]	Time 0.038 (0.055)	Loss 0.0495 (0.0765)
2023-11-22 18:33:36,871 Test: [180/200]	Time 0.039 (0.054)	Loss 0.0729 (0.0759)
2023-11-22 18:33:37,263 Test: [190/200]	Time 0.038 (0.053)	Loss 0.0353 (0.0759)
2023-11-22 18:33:38,750 Mean IoU score: 0.819
2023-11-22 18:33:38,753 => saving checkpoint to out
2023-11-22 18:33:42,038 Epoch: [13][0/200]	Time 3.270s (3.270s)	Speed 9.8 samples/s	Data 2.683s (2.683s)	Loss 0.00781 (0.00781)
2023-11-22 18:33:47,036 Epoch: [13][10/200]	Time 0.501s (0.752s)	Speed 63.9 samples/s	Data 0.001s (0.244s)	Loss 0.00867 (0.01093)
2023-11-22 18:33:52,029 Epoch: [13][20/200]	Time 0.496s (0.631s)	Speed 64.5 samples/s	Data 0.000s (0.128s)	Loss 0.00794 (0.01022)
2023-11-22 18:33:57,025 Epoch: [13][30/200]	Time 0.498s (0.589s)	Speed 64.3 samples/s	Data 0.000s (0.087s)	Loss 0.00886 (0.01033)
2023-11-22 18:34:02,033 Epoch: [13][40/200]	Time 0.506s (0.567s)	Speed 63.2 samples/s	Data 0.001s (0.066s)	Loss 0.01158 (0.01029)
2023-11-22 18:34:07,008 Epoch: [13][50/200]	Time 0.497s (0.554s)	Speed 64.4 samples/s	Data 0.000s (0.053s)	Loss 0.01076 (0.01014)
2023-11-22 18:34:12,007 Epoch: [13][60/200]	Time 0.504s (0.545s)	Speed 63.5 samples/s	Data 0.001s (0.044s)	Loss 0.01252 (0.01013)
2023-11-22 18:34:16,983 Epoch: [13][70/200]	Time 0.497s (0.538s)	Speed 64.4 samples/s	Data 0.000s (0.038s)	Loss 0.01059 (0.01003)
2023-11-22 18:34:21,955 Epoch: [13][80/200]	Time 0.497s (0.533s)	Speed 64.4 samples/s	Data 0.000s (0.034s)	Loss 0.01041 (0.01004)
2023-11-22 18:34:26,937 Epoch: [13][90/200]	Time 0.504s (0.529s)	Speed 63.5 samples/s	Data 0.000s (0.030s)	Loss 0.01185 (0.01005)
2023-11-22 18:34:31,916 Epoch: [13][100/200]	Time 0.496s (0.526s)	Speed 64.5 samples/s	Data 0.000s (0.027s)	Loss 0.00720 (0.01003)
2023-11-22 18:34:36,903 Epoch: [13][110/200]	Time 0.500s (0.524s)	Speed 64.0 samples/s	Data 0.000s (0.025s)	Loss 0.01039 (0.01004)
2023-11-22 18:34:41,879 Epoch: [13][120/200]	Time 0.499s (0.522s)	Speed 64.1 samples/s	Data 0.000s (0.022s)	Loss 0.01030 (0.01000)
2023-11-22 18:34:46,867 Epoch: [13][130/200]	Time 0.504s (0.520s)	Speed 63.5 samples/s	Data 0.000s (0.021s)	Loss 0.01149 (0.00997)
2023-11-22 18:34:51,875 Epoch: [13][140/200]	Time 0.500s (0.518s)	Speed 64.0 samples/s	Data 0.000s (0.019s)	Loss 0.01061 (0.00995)
2023-11-22 18:34:56,853 Epoch: [13][150/200]	Time 0.499s (0.517s)	Speed 64.1 samples/s	Data 0.000s (0.018s)	Loss 0.00816 (0.00989)
2023-11-22 18:35:01,832 Epoch: [13][160/200]	Time 0.498s (0.516s)	Speed 64.3 samples/s	Data 0.000s (0.017s)	Loss 0.00941 (0.00985)
2023-11-22 18:35:06,835 Epoch: [13][170/200]	Time 0.499s (0.515s)	Speed 64.1 samples/s	Data 0.000s (0.016s)	Loss 0.01130 (0.00986)
2023-11-22 18:35:11,832 Epoch: [13][180/200]	Time 0.496s (0.514s)	Speed 64.5 samples/s	Data 0.000s (0.015s)	Loss 0.01006 (0.00983)
2023-11-22 18:35:16,842 Epoch: [13][190/200]	Time 0.501s (0.513s)	Speed 63.9 samples/s	Data 0.000s (0.014s)	Loss 0.00830 (0.00980)
2023-11-22 18:35:24,334 Test: [0/200]	Time 2.636 (2.636)	Loss 0.0652 (0.0652)
2023-11-22 18:35:24,723 Test: [10/200]	Time 0.037 (0.275)	Loss 0.0074 (0.0478)
2023-11-22 18:35:25,110 Test: [20/200]	Time 0.037 (0.162)	Loss 0.0258 (0.0503)
2023-11-22 18:35:25,498 Test: [30/200]	Time 0.039 (0.123)	Loss 0.0666 (0.0564)
2023-11-22 18:35:25,892 Test: [40/200]	Time 0.039 (0.102)	Loss 0.0424 (0.0577)
2023-11-22 18:35:26,282 Test: [50/200]	Time 0.039 (0.090)	Loss 0.0826 (0.0583)
2023-11-22 18:35:26,675 Test: [60/200]	Time 0.038 (0.082)	Loss 0.0835 (0.0592)
2023-11-22 18:35:27,066 Test: [70/200]	Time 0.038 (0.076)	Loss 0.0514 (0.0592)
2023-11-22 18:35:27,457 Test: [80/200]	Time 0.038 (0.071)	Loss 0.0666 (0.0576)
2023-11-22 18:35:27,846 Test: [90/200]	Time 0.038 (0.068)	Loss 0.0927 (0.0589)
2023-11-22 18:35:28,234 Test: [100/200]	Time 0.038 (0.065)	Loss 0.0759 (0.0586)
2023-11-22 18:35:28,624 Test: [110/200]	Time 0.038 (0.062)	Loss 0.1381 (0.0592)
2023-11-22 18:35:29,016 Test: [120/200]	Time 0.038 (0.060)	Loss 0.0613 (0.0578)
2023-11-22 18:35:29,405 Test: [130/200]	Time 0.037 (0.059)	Loss 0.0359 (0.0578)
2023-11-22 18:35:29,793 Test: [140/200]	Time 0.037 (0.057)	Loss 0.0506 (0.0571)
2023-11-22 18:35:30,182 Test: [150/200]	Time 0.037 (0.056)	Loss 0.0619 (0.0564)
2023-11-22 18:35:30,570 Test: [160/200]	Time 0.037 (0.055)	Loss 0.0805 (0.0565)
2023-11-22 18:35:30,962 Test: [170/200]	Time 0.036 (0.054)	Loss 0.0430 (0.0560)
2023-11-22 18:35:31,350 Test: [180/200]	Time 0.037 (0.053)	Loss 0.0487 (0.0556)
2023-11-22 18:35:31,739 Test: [190/200]	Time 0.038 (0.053)	Loss 0.0252 (0.0556)
2023-11-22 18:35:33,247 Mean IoU score: 0.866
2023-11-22 18:35:33,250 => saving checkpoint to out
2023-11-22 18:35:36,478 Epoch: [14][0/200]	Time 3.207s (3.207s)	Speed 10.0 samples/s	Data 2.681s (2.681s)	Loss 0.00717 (0.00717)
2023-11-22 18:35:41,480 Epoch: [14][10/200]	Time 0.500s (0.746s)	Speed 64.0 samples/s	Data 0.000s (0.244s)	Loss 0.00728 (0.00845)
2023-11-22 18:35:46,494 Epoch: [14][20/200]	Time 0.498s (0.630s)	Speed 64.3 samples/s	Data 0.000s (0.128s)	Loss 0.00895 (0.00861)
2023-11-22 18:35:51,510 Epoch: [14][30/200]	Time 0.506s (0.588s)	Speed 63.2 samples/s	Data 0.000s (0.087s)	Loss 0.00869 (0.00846)
2023-11-22 18:35:56,541 Epoch: [14][40/200]	Time 0.499s (0.568s)	Speed 64.1 samples/s	Data 0.000s (0.066s)	Loss 0.00743 (0.00864)
2023-11-22 18:36:01,543 Epoch: [14][50/200]	Time 0.500s (0.554s)	Speed 64.0 samples/s	Data 0.000s (0.053s)	Loss 0.01035 (0.00875)
2023-11-22 18:36:06,566 Epoch: [14][60/200]	Time 0.499s (0.546s)	Speed 64.1 samples/s	Data 0.000s (0.044s)	Loss 0.00800 (0.00872)
2023-11-22 18:36:11,565 Epoch: [14][70/200]	Time 0.497s (0.539s)	Speed 64.4 samples/s	Data 0.000s (0.038s)	Loss 0.00824 (0.00878)
2023-11-22 18:36:16,591 Epoch: [14][80/200]	Time 0.501s (0.535s)	Speed 63.9 samples/s	Data 0.001s (0.033s)	Loss 0.01024 (0.00874)
2023-11-22 18:36:21,592 Epoch: [14][90/200]	Time 0.501s (0.531s)	Speed 63.9 samples/s	Data 0.000s (0.030s)	Loss 0.00945 (0.00884)
2023-11-22 18:36:26,599 Epoch: [14][100/200]	Time 0.501s (0.528s)	Speed 63.9 samples/s	Data 0.000s (0.027s)	Loss 0.01067 (0.00886)
2023-11-22 18:36:31,624 Epoch: [14][110/200]	Time 0.499s (0.526s)	Speed 64.1 samples/s	Data 0.000s (0.024s)	Loss 0.00733 (0.00892)
2023-11-22 18:36:36,640 Epoch: [14][120/200]	Time 0.500s (0.524s)	Speed 64.0 samples/s	Data 0.000s (0.022s)	Loss 0.00861 (0.00890)
2023-11-22 18:36:41,659 Epoch: [14][130/200]	Time 0.504s (0.522s)	Speed 63.5 samples/s	Data 0.000s (0.021s)	Loss 0.00739 (0.00887)
2023-11-22 18:36:46,669 Epoch: [14][140/200]	Time 0.498s (0.521s)	Speed 64.3 samples/s	Data 0.000s (0.019s)	Loss 0.00713 (0.00888)
2023-11-22 18:36:51,681 Epoch: [14][150/200]	Time 0.500s (0.519s)	Speed 64.0 samples/s	Data 0.001s (0.018s)	Loss 0.00851 (0.00884)
2023-11-22 18:36:56,710 Epoch: [14][160/200]	Time 0.503s (0.518s)	Speed 63.6 samples/s	Data 0.000s (0.017s)	Loss 0.00745 (0.00883)
2023-11-22 18:37:01,729 Epoch: [14][170/200]	Time 0.502s (0.517s)	Speed 63.7 samples/s	Data 0.001s (0.016s)	Loss 0.00928 (0.00883)
2023-11-22 18:37:06,732 Epoch: [14][180/200]	Time 0.503s (0.516s)	Speed 63.6 samples/s	Data 0.000s (0.015s)	Loss 0.00877 (0.00877)
2023-11-22 18:37:11,736 Epoch: [14][190/200]	Time 0.499s (0.516s)	Speed 64.1 samples/s	Data 0.001s (0.014s)	Loss 0.00821 (0.00876)
2023-11-22 18:37:19,230 Test: [0/200]	Time 2.598 (2.598)	Loss 0.0755 (0.0755)
2023-11-22 18:37:19,622 Test: [10/200]	Time 0.038 (0.272)	Loss 0.0069 (0.0478)
2023-11-22 18:37:20,026 Test: [20/200]	Time 0.039 (0.162)	Loss 0.0260 (0.0510)
2023-11-22 18:37:20,428 Test: [30/200]	Time 0.040 (0.122)	Loss 0.0597 (0.0556)
2023-11-22 18:37:20,828 Test: [40/200]	Time 0.040 (0.102)	Loss 0.0468 (0.0568)
2023-11-22 18:37:21,225 Test: [50/200]	Time 0.038 (0.090)	Loss 0.0958 (0.0571)
2023-11-22 18:37:21,620 Test: [60/200]	Time 0.038 (0.082)	Loss 0.0720 (0.0575)
2023-11-22 18:37:22,019 Test: [70/200]	Time 0.038 (0.076)	Loss 0.0579 (0.0575)
2023-11-22 18:37:22,413 Test: [80/200]	Time 0.038 (0.071)	Loss 0.0591 (0.0557)
2023-11-22 18:37:22,813 Test: [90/200]	Time 0.038 (0.068)	Loss 0.0730 (0.0575)
2023-11-22 18:37:23,212 Test: [100/200]	Time 0.039 (0.065)	Loss 0.0779 (0.0569)
2023-11-22 18:37:23,610 Test: [110/200]	Time 0.038 (0.063)	Loss 0.1457 (0.0574)
2023-11-22 18:37:24,006 Test: [120/200]	Time 0.038 (0.061)	Loss 0.0580 (0.0562)
2023-11-22 18:37:24,400 Test: [130/200]	Time 0.037 (0.059)	Loss 0.0424 (0.0564)
2023-11-22 18:37:24,798 Test: [140/200]	Time 0.038 (0.058)	Loss 0.0543 (0.0560)
2023-11-22 18:37:25,193 Test: [150/200]	Time 0.038 (0.057)	Loss 0.0551 (0.0555)
2023-11-22 18:37:25,587 Test: [160/200]	Time 0.038 (0.056)	Loss 0.0716 (0.0555)
2023-11-22 18:37:25,984 Test: [170/200]	Time 0.037 (0.055)	Loss 0.0346 (0.0550)
2023-11-22 18:37:26,374 Test: [180/200]	Time 0.038 (0.054)	Loss 0.0357 (0.0547)
2023-11-22 18:37:26,768 Test: [190/200]	Time 0.037 (0.053)	Loss 0.0235 (0.0546)
2023-11-22 18:37:28,302 Mean IoU score: 0.869
2023-11-22 18:37:28,306 => saving checkpoint to out
2023-11-22 18:37:31,618 Epoch: [15][0/200]	Time 3.275s (3.275s)	Speed 9.8 samples/s	Data 2.695s (2.695s)	Loss 0.00669 (0.00669)
2023-11-22 18:37:36,645 Epoch: [15][10/200]	Time 0.502s (0.755s)	Speed 63.7 samples/s	Data 0.001s (0.245s)	Loss 0.00878 (0.00782)
2023-11-22 18:37:41,662 Epoch: [15][20/200]	Time 0.500s (0.634s)	Speed 64.0 samples/s	Data 0.000s (0.129s)	Loss 0.00706 (0.00773)
2023-11-22 18:37:46,703 Epoch: [15][30/200]	Time 0.504s (0.592s)	Speed 63.5 samples/s	Data 0.000s (0.087s)	Loss 0.00806 (0.00788)
2023-11-22 18:37:51,767 Epoch: [15][40/200]	Time 0.504s (0.571s)	Speed 63.5 samples/s	Data 0.000s (0.066s)	Loss 0.00941 (0.00779)
2023-11-22 18:37:56,828 Epoch: [15][50/200]	Time 0.506s (0.559s)	Speed 63.2 samples/s	Data 0.000s (0.053s)	Loss 0.00976 (0.00784)
2023-11-22 18:38:01,859 Epoch: [15][60/200]	Time 0.501s (0.549s)	Speed 63.9 samples/s	Data 0.000s (0.044s)	Loss 0.00816 (0.00796)
2023-11-22 18:38:06,857 Epoch: [15][70/200]	Time 0.500s (0.542s)	Speed 64.0 samples/s	Data 0.000s (0.038s)	Loss 0.00634 (0.00798)
2023-11-22 18:38:11,870 Epoch: [15][80/200]	Time 0.505s (0.537s)	Speed 63.4 samples/s	Data 0.000s (0.034s)	Loss 0.00819 (0.00796)
2023-11-22 18:38:16,873 Epoch: [15][90/200]	Time 0.501s (0.533s)	Speed 63.9 samples/s	Data 0.000s (0.030s)	Loss 0.00778 (0.00801)
2023-11-22 18:38:21,897 Epoch: [15][100/200]	Time 0.507s (0.530s)	Speed 63.1 samples/s	Data 0.000s (0.027s)	Loss 0.00976 (0.00808)
2023-11-22 18:38:26,943 Epoch: [15][110/200]	Time 0.504s (0.528s)	Speed 63.5 samples/s	Data 0.000s (0.025s)	Loss 0.00615 (0.00811)
2023-11-22 18:38:31,997 Epoch: [15][120/200]	Time 0.509s (0.526s)	Speed 62.9 samples/s	Data 0.000s (0.023s)	Loss 0.00886 (0.00812)
2023-11-22 18:38:37,039 Epoch: [15][130/200]	Time 0.498s (0.524s)	Speed 64.3 samples/s	Data 0.000s (0.021s)	Loss 0.00694 (0.00809)
2023-11-22 18:38:42,052 Epoch: [15][140/200]	Time 0.510s (0.523s)	Speed 62.7 samples/s	Data 0.000s (0.019s)	Loss 0.01166 (0.00810)
2023-11-22 18:38:47,115 Epoch: [15][150/200]	Time 0.511s (0.522s)	Speed 62.6 samples/s	Data 0.000s (0.018s)	Loss 0.01081 (0.00814)
2023-11-22 18:38:52,187 Epoch: [15][160/200]	Time 0.502s (0.521s)	Speed 63.7 samples/s	Data 0.000s (0.017s)	Loss 0.00857 (0.00816)
2023-11-22 18:38:57,263 Epoch: [15][170/200]	Time 0.503s (0.520s)	Speed 63.6 samples/s	Data 0.000s (0.016s)	Loss 0.00542 (0.00815)
2023-11-22 18:39:02,271 Epoch: [15][180/200]	Time 0.500s (0.519s)	Speed 64.0 samples/s	Data 0.000s (0.015s)	Loss 0.00716 (0.00812)
2023-11-22 18:39:07,282 Epoch: [15][190/200]	Time 0.500s (0.518s)	Speed 64.0 samples/s	Data 0.000s (0.014s)	Loss 0.00631 (0.00809)
2023-11-22 18:39:14,778 Test: [0/200]	Time 2.607 (2.607)	Loss 0.0635 (0.0635)
2023-11-22 18:39:15,171 Test: [10/200]	Time 0.038 (0.273)	Loss 0.0077 (0.0466)
2023-11-22 18:39:15,566 Test: [20/200]	Time 0.039 (0.162)	Loss 0.0255 (0.0493)
2023-11-22 18:39:15,972 Test: [30/200]	Time 0.038 (0.123)	Loss 0.0621 (0.0546)
2023-11-22 18:39:16,374 Test: [40/200]	Time 0.038 (0.103)	Loss 0.0455 (0.0567)
2023-11-22 18:39:16,779 Test: [50/200]	Time 0.039 (0.090)	Loss 0.0962 (0.0568)
2023-11-22 18:39:17,175 Test: [60/200]	Time 0.038 (0.082)	Loss 0.0804 (0.0573)
2023-11-22 18:39:17,563 Test: [70/200]	Time 0.037 (0.076)	Loss 0.0488 (0.0575)
2023-11-22 18:39:17,959 Test: [80/200]	Time 0.037 (0.071)	Loss 0.0589 (0.0557)
2023-11-22 18:39:18,354 Test: [90/200]	Time 0.039 (0.068)	Loss 0.0770 (0.0573)
2023-11-22 18:39:18,756 Test: [100/200]	Time 0.041 (0.065)	Loss 0.0838 (0.0570)
2023-11-22 18:39:19,157 Test: [110/200]	Time 0.040 (0.063)	Loss 0.1441 (0.0577)
2023-11-22 18:39:19,553 Test: [120/200]	Time 0.038 (0.061)	Loss 0.0634 (0.0565)
2023-11-22 18:39:19,951 Test: [130/200]	Time 0.037 (0.059)	Loss 0.0372 (0.0567)
2023-11-22 18:39:20,352 Test: [140/200]	Time 0.038 (0.058)	Loss 0.0489 (0.0563)
2023-11-22 18:39:20,751 Test: [150/200]	Time 0.038 (0.057)	Loss 0.0544 (0.0557)
2023-11-22 18:39:21,148 Test: [160/200]	Time 0.038 (0.056)	Loss 0.0691 (0.0557)
2023-11-22 18:39:21,541 Test: [170/200]	Time 0.038 (0.055)	Loss 0.0432 (0.0553)
2023-11-22 18:39:21,939 Test: [180/200]	Time 0.038 (0.054)	Loss 0.0377 (0.0549)
2023-11-22 18:39:22,333 Test: [190/200]	Time 0.038 (0.053)	Loss 0.0234 (0.0548)
2023-11-22 18:39:23,868 Mean IoU score: 0.869
2023-11-22 18:39:23,872 => saving checkpoint to out
2023-11-22 18:39:27,143 Epoch: [16][0/200]	Time 3.250s (3.250s)	Speed 9.8 samples/s	Data 2.669s (2.669s)	Loss 0.00657 (0.00657)
2023-11-22 18:39:32,211 Epoch: [16][10/200]	Time 0.507s (0.756s)	Speed 63.1 samples/s	Data 0.000s (0.243s)	Loss 0.00726 (0.00739)
2023-11-22 18:39:37,283 Epoch: [16][20/200]	Time 0.506s (0.638s)	Speed 63.2 samples/s	Data 0.000s (0.127s)	Loss 0.00788 (0.00779)
2023-11-22 18:39:42,341 Epoch: [16][30/200]	Time 0.501s (0.595s)	Speed 63.9 samples/s	Data 0.000s (0.086s)	Loss 0.00764 (0.00771)
2023-11-22 18:39:47,385 Epoch: [16][40/200]	Time 0.503s (0.573s)	Speed 63.6 samples/s	Data 0.000s (0.065s)	Loss 0.00754 (0.00761)
2023-11-22 18:39:52,449 Epoch: [16][50/200]	Time 0.503s (0.560s)	Speed 63.6 samples/s	Data 0.000s (0.053s)	Loss 0.00871 (0.00752)
2023-11-22 18:39:57,536 Epoch: [16][60/200]	Time 0.512s (0.552s)	Speed 62.5 samples/s	Data 0.000s (0.044s)	Loss 0.00866 (0.00751)
2023-11-22 18:40:02,596 Epoch: [16][70/200]	Time 0.505s (0.545s)	Speed 63.4 samples/s	Data 0.001s (0.038s)	Loss 0.00723 (0.00750)
2023-11-22 18:40:07,664 Epoch: [16][80/200]	Time 0.501s (0.540s)	Speed 63.9 samples/s	Data 0.001s (0.033s)	Loss 0.00544 (0.00742)
2023-11-22 18:40:12,732 Epoch: [16][90/200]	Time 0.512s (0.537s)	Speed 62.5 samples/s	Data 0.000s (0.030s)	Loss 0.00816 (0.00752)
2023-11-22 18:40:17,805 Epoch: [16][100/200]	Time 0.506s (0.534s)	Speed 63.2 samples/s	Data 0.001s (0.027s)	Loss 0.00903 (0.00756)
2023-11-22 18:40:22,839 Epoch: [16][110/200]	Time 0.509s (0.531s)	Speed 62.9 samples/s	Data 0.000s (0.024s)	Loss 0.00704 (0.00756)
2023-11-22 18:40:27,910 Epoch: [16][120/200]	Time 0.510s (0.529s)	Speed 62.7 samples/s	Data 0.000s (0.022s)	Loss 0.00942 (0.00759)
2023-11-22 18:40:32,972 Epoch: [16][130/200]	Time 0.508s (0.527s)	Speed 63.0 samples/s	Data 0.000s (0.021s)	Loss 0.00670 (0.00754)
2023-11-22 18:40:38,035 Epoch: [16][140/200]	Time 0.504s (0.526s)	Speed 63.5 samples/s	Data 0.000s (0.019s)	Loss 0.00800 (0.00753)
2023-11-22 18:40:43,107 Epoch: [16][150/200]	Time 0.505s (0.525s)	Speed 63.4 samples/s	Data 0.001s (0.018s)	Loss 0.00817 (0.00753)
2023-11-22 18:40:48,165 Epoch: [16][160/200]	Time 0.502s (0.523s)	Speed 63.7 samples/s	Data 0.001s (0.017s)	Loss 0.00712 (0.00753)
2023-11-22 18:40:53,271 Epoch: [16][170/200]	Time 0.511s (0.523s)	Speed 62.6 samples/s	Data 0.000s (0.016s)	Loss 0.00937 (0.00757)
2023-11-22 18:40:58,344 Epoch: [16][180/200]	Time 0.506s (0.522s)	Speed 63.2 samples/s	Data 0.001s (0.015s)	Loss 0.00753 (0.00754)
2023-11-22 18:41:03,397 Epoch: [16][190/200]	Time 0.504s (0.521s)	Speed 63.5 samples/s	Data 0.000s (0.014s)	Loss 0.00759 (0.00755)
2023-11-22 18:41:10,982 Test: [0/200]	Time 2.641 (2.641)	Loss 0.0680 (0.0680)
2023-11-22 18:41:11,372 Test: [10/200]	Time 0.036 (0.276)	Loss 0.0097 (0.0463)
2023-11-22 18:41:11,770 Test: [20/200]	Time 0.037 (0.163)	Loss 0.0262 (0.0501)
2023-11-22 18:41:12,171 Test: [30/200]	Time 0.039 (0.124)	Loss 0.0575 (0.0567)
2023-11-22 18:41:12,573 Test: [40/200]	Time 0.038 (0.103)	Loss 0.0431 (0.0587)
2023-11-22 18:41:12,972 Test: [50/200]	Time 0.037 (0.091)	Loss 0.0966 (0.0599)
2023-11-22 18:41:13,367 Test: [60/200]	Time 0.038 (0.082)	Loss 0.0861 (0.0602)
2023-11-22 18:41:13,770 Test: [70/200]	Time 0.037 (0.076)	Loss 0.0504 (0.0599)
2023-11-22 18:41:14,174 Test: [80/200]	Time 0.039 (0.072)	Loss 0.0720 (0.0582)
2023-11-22 18:41:14,579 Test: [90/200]	Time 0.040 (0.069)	Loss 0.0885 (0.0599)
2023-11-22 18:41:14,984 Test: [100/200]	Time 0.039 (0.066)	Loss 0.0908 (0.0594)
2023-11-22 18:41:15,380 Test: [110/200]	Time 0.039 (0.063)	Loss 0.1386 (0.0599)
2023-11-22 18:41:15,773 Test: [120/200]	Time 0.038 (0.061)	Loss 0.0607 (0.0584)
2023-11-22 18:41:16,169 Test: [130/200]	Time 0.037 (0.060)	Loss 0.0418 (0.0585)
2023-11-22 18:41:16,564 Test: [140/200]	Time 0.039 (0.058)	Loss 0.0511 (0.0579)
2023-11-22 18:41:16,961 Test: [150/200]	Time 0.038 (0.057)	Loss 0.0528 (0.0572)
2023-11-22 18:41:17,352 Test: [160/200]	Time 0.037 (0.056)	Loss 0.0820 (0.0572)
2023-11-22 18:41:17,745 Test: [170/200]	Time 0.037 (0.055)	Loss 0.0381 (0.0565)
2023-11-22 18:41:18,140 Test: [180/200]	Time 0.038 (0.054)	Loss 0.0378 (0.0562)
2023-11-22 18:41:18,538 Test: [190/200]	Time 0.039 (0.053)	Loss 0.0222 (0.0561)
2023-11-22 18:41:20,080 Mean IoU score: 0.868
2023-11-22 18:41:20,084 => saving checkpoint to out
2023-11-22 18:41:23,396 Epoch: [17][0/200]	Time 3.297s (3.297s)	Speed 9.7 samples/s	Data 2.715s (2.715s)	Loss 0.00762 (0.00762)
2023-11-22 18:41:28,499 Epoch: [17][10/200]	Time 0.508s (0.764s)	Speed 63.0 samples/s	Data 0.000s (0.247s)	Loss 0.00723 (0.00659)
2023-11-22 18:41:33,587 Epoch: [17][20/200]	Time 0.509s (0.642s)	Speed 62.9 samples/s	Data 0.000s (0.130s)	Loss 0.00728 (0.00687)
2023-11-22 18:41:38,653 Epoch: [17][30/200]	Time 0.506s (0.599s)	Speed 63.2 samples/s	Data 0.000s (0.088s)	Loss 0.00690 (0.00692)
2023-11-22 18:41:43,755 Epoch: [17][40/200]	Time 0.514s (0.577s)	Speed 62.3 samples/s	Data 0.000s (0.067s)	Loss 0.00756 (0.00710)
2023-11-22 18:41:48,832 Epoch: [17][50/200]	Time 0.507s (0.563s)	Speed 63.1 samples/s	Data 0.001s (0.054s)	Loss 0.00835 (0.00717)
2023-11-22 18:41:53,895 Epoch: [17][60/200]	Time 0.509s (0.554s)	Speed 62.9 samples/s	Data 0.001s (0.045s)	Loss 0.00899 (0.00720)
2023-11-22 18:41:59,013 Epoch: [17][70/200]	Time 0.511s (0.548s)	Speed 62.6 samples/s	Data 0.000s (0.039s)	Loss 0.00648 (0.00722)
2023-11-22 18:42:04,136 Epoch: [17][80/200]	Time 0.517s (0.544s)	Speed 61.9 samples/s	Data 0.000s (0.034s)	Loss 0.00859 (0.00723)
2023-11-22 18:42:09,260 Epoch: [17][90/200]	Time 0.508s (0.540s)	Speed 63.0 samples/s	Data 0.000s (0.030s)	Loss 0.00792 (0.00724)
2023-11-22 18:42:14,355 Epoch: [17][100/200]	Time 0.503s (0.537s)	Speed 63.6 samples/s	Data 0.000s (0.027s)	Loss 0.00600 (0.00718)
2023-11-22 18:42:19,404 Epoch: [17][110/200]	Time 0.500s (0.534s)	Speed 64.0 samples/s	Data 0.000s (0.025s)	Loss 0.00510 (0.00721)
2023-11-22 18:42:24,510 Epoch: [17][120/200]	Time 0.508s (0.532s)	Speed 63.0 samples/s	Data 0.000s (0.023s)	Loss 0.00663 (0.00719)
2023-11-22 18:42:29,610 Epoch: [17][130/200]	Time 0.506s (0.531s)	Speed 63.2 samples/s	Data 0.001s (0.021s)	Loss 0.00742 (0.00720)
2023-11-22 18:42:34,659 Epoch: [17][140/200]	Time 0.507s (0.529s)	Speed 63.1 samples/s	Data 0.001s (0.020s)	Loss 0.00629 (0.00717)
2023-11-22 18:42:39,696 Epoch: [17][150/200]	Time 0.504s (0.527s)	Speed 63.5 samples/s	Data 0.000s (0.018s)	Loss 0.00518 (0.00717)
2023-11-22 18:42:44,751 Epoch: [17][160/200]	Time 0.508s (0.526s)	Speed 63.0 samples/s	Data 0.000s (0.017s)	Loss 0.00772 (0.00719)
2023-11-22 18:42:49,795 Epoch: [17][170/200]	Time 0.504s (0.525s)	Speed 63.5 samples/s	Data 0.000s (0.016s)	Loss 0.00723 (0.00725)
2023-11-22 18:42:54,836 Epoch: [17][180/200]	Time 0.506s (0.523s)	Speed 63.2 samples/s	Data 0.000s (0.015s)	Loss 0.00633 (0.00724)
2023-11-22 18:42:59,919 Epoch: [17][190/200]	Time 0.506s (0.523s)	Speed 63.2 samples/s	Data 0.000s (0.015s)	Loss 0.00728 (0.00724)
2023-11-22 18:43:07,523 Test: [0/200]	Time 2.670 (2.670)	Loss 0.0629 (0.0629)
2023-11-22 18:43:07,926 Test: [10/200]	Time 0.038 (0.279)	Loss 0.0074 (0.0466)
2023-11-22 18:43:08,327 Test: [20/200]	Time 0.038 (0.165)	Loss 0.0265 (0.0508)
2023-11-22 18:43:08,731 Test: [30/200]	Time 0.040 (0.125)	Loss 0.0543 (0.0562)
2023-11-22 18:43:09,134 Test: [40/200]	Time 0.038 (0.104)	Loss 0.0411 (0.0581)
2023-11-22 18:43:09,532 Test: [50/200]	Time 0.038 (0.092)	Loss 0.1107 (0.0589)
2023-11-22 18:43:09,932 Test: [60/200]	Time 0.039 (0.083)	Loss 0.0729 (0.0598)
2023-11-22 18:43:10,328 Test: [70/200]	Time 0.038 (0.077)	Loss 0.0567 (0.0595)
2023-11-22 18:43:10,724 Test: [80/200]	Time 0.040 (0.072)	Loss 0.0622 (0.0578)
2023-11-22 18:43:11,123 Test: [90/200]	Time 0.039 (0.069)	Loss 0.0833 (0.0595)
2023-11-22 18:43:11,520 Test: [100/200]	Time 0.039 (0.066)	Loss 0.0944 (0.0592)
2023-11-22 18:43:11,932 Test: [110/200]	Time 0.039 (0.064)	Loss 0.1365 (0.0596)
2023-11-22 18:43:12,333 Test: [120/200]	Time 0.039 (0.062)	Loss 0.0638 (0.0584)
2023-11-22 18:43:12,734 Test: [130/200]	Time 0.038 (0.060)	Loss 0.0420 (0.0585)
2023-11-22 18:43:13,137 Test: [140/200]	Time 0.038 (0.059)	Loss 0.0483 (0.0582)
2023-11-22 18:43:13,538 Test: [150/200]	Time 0.039 (0.058)	Loss 0.0532 (0.0576)
2023-11-22 18:43:13,944 Test: [160/200]	Time 0.039 (0.056)	Loss 0.0794 (0.0576)
2023-11-22 18:43:14,346 Test: [170/200]	Time 0.040 (0.056)	Loss 0.0485 (0.0571)
2023-11-22 18:43:14,747 Test: [180/200]	Time 0.039 (0.055)	Loss 0.0363 (0.0567)
2023-11-22 18:43:15,150 Test: [190/200]	Time 0.038 (0.054)	Loss 0.0207 (0.0566)
2023-11-22 18:43:16,686 Mean IoU score: 0.867
2023-11-22 18:43:16,689 => saving checkpoint to out
2023-11-22 18:43:20,019 Epoch: [18][0/200]	Time 3.315s (3.315s)	Speed 9.7 samples/s	Data 2.744s (2.744s)	Loss 0.00827 (0.00827)
2023-11-22 18:43:25,124 Epoch: [18][10/200]	Time 0.515s (0.765s)	Speed 62.1 samples/s	Data 0.000s (0.250s)	Loss 0.00571 (0.00723)
2023-11-22 18:43:30,231 Epoch: [18][20/200]	Time 0.510s (0.644s)	Speed 62.7 samples/s	Data 0.000s (0.131s)	Loss 0.00881 (0.00721)
2023-11-22 18:43:35,330 Epoch: [18][30/200]	Time 0.510s (0.601s)	Speed 62.7 samples/s	Data 0.000s (0.089s)	Loss 0.00672 (0.00696)
2023-11-22 18:43:40,424 Epoch: [18][40/200]	Time 0.509s (0.579s)	Speed 62.9 samples/s	Data 0.000s (0.067s)	Loss 0.00835 (0.00690)
2023-11-22 18:43:45,522 Epoch: [18][50/200]	Time 0.507s (0.565s)	Speed 63.1 samples/s	Data 0.000s (0.054s)	Loss 0.00598 (0.00678)
2023-11-22 18:43:50,571 Epoch: [18][60/200]	Time 0.497s (0.555s)	Speed 64.4 samples/s	Data 0.000s (0.045s)	Loss 0.00480 (0.00674)
2023-11-22 18:43:55,597 Epoch: [18][70/200]	Time 0.499s (0.548s)	Speed 64.1 samples/s	Data 0.001s (0.039s)	Loss 0.00756 (0.00671)
2023-11-22 18:44:00,632 Epoch: [18][80/200]	Time 0.502s (0.542s)	Speed 63.7 samples/s	Data 0.000s (0.034s)	Loss 0.00662 (0.00665)
2023-11-22 18:44:05,661 Epoch: [18][90/200]	Time 0.500s (0.538s)	Speed 64.0 samples/s	Data 0.001s (0.030s)	Loss 0.00583 (0.00675)
2023-11-22 18:44:10,677 Epoch: [18][100/200]	Time 0.502s (0.534s)	Speed 63.7 samples/s	Data 0.001s (0.027s)	Loss 0.00830 (0.00675)
2023-11-22 18:44:16,015 Epoch: [18][110/200]	Time 0.532s (0.534s)	Speed 60.2 samples/s	Data 0.000s (0.025s)	Loss 0.00795 (0.00678)
2023-11-22 18:44:21,341 Epoch: [18][120/200]	Time 0.515s (0.534s)	Speed 62.1 samples/s	Data 0.001s (0.023s)	Loss 0.00687 (0.00680)
2023-11-22 18:44:26,502 Epoch: [18][130/200]	Time 0.520s (0.533s)	Speed 61.5 samples/s	Data 0.000s (0.021s)	Loss 0.00804 (0.00682)
2023-11-22 18:44:31,802 Epoch: [18][140/200]	Time 0.511s (0.533s)	Speed 62.6 samples/s	Data 0.000s (0.020s)	Loss 0.00574 (0.00685)
2023-11-22 18:44:36,933 Epoch: [18][150/200]	Time 0.535s (0.531s)	Speed 59.8 samples/s	Data 0.000s (0.018s)	Loss 0.00684 (0.00685)
2023-11-22 18:44:42,190 Epoch: [18][160/200]	Time 0.510s (0.531s)	Speed 62.7 samples/s	Data 0.001s (0.017s)	Loss 0.00525 (0.00688)
2023-11-22 18:44:47,317 Epoch: [18][170/200]	Time 0.534s (0.530s)	Speed 59.9 samples/s	Data 0.000s (0.016s)	Loss 0.00795 (0.00687)
2023-11-22 18:44:52,543 Epoch: [18][180/200]	Time 0.506s (0.529s)	Speed 63.2 samples/s	Data 0.000s (0.015s)	Loss 0.00821 (0.00689)
2023-11-22 18:44:57,691 Epoch: [18][190/200]	Time 0.530s (0.529s)	Speed 60.4 samples/s	Data 0.000s (0.015s)	Loss 0.00693 (0.00689)
2023-11-22 18:45:05,437 Test: [0/200]	Time 2.638 (2.638)	Loss 0.0618 (0.0618)
2023-11-22 18:45:05,836 Test: [10/200]	Time 0.036 (0.276)	Loss 0.0078 (0.0478)
2023-11-22 18:45:06,235 Test: [20/200]	Time 0.038 (0.164)	Loss 0.0270 (0.0510)
2023-11-22 18:45:06,637 Test: [30/200]	Time 0.039 (0.124)	Loss 0.0618 (0.0559)
2023-11-22 18:45:07,056 Test: [40/200]	Time 0.039 (0.104)	Loss 0.0459 (0.0583)
2023-11-22 18:45:07,470 Test: [50/200]	Time 0.040 (0.092)	Loss 0.1030 (0.0597)
2023-11-22 18:45:07,888 Test: [60/200]	Time 0.044 (0.083)	Loss 0.0723 (0.0606)
2023-11-22 18:45:08,303 Test: [70/200]	Time 0.039 (0.078)	Loss 0.0461 (0.0603)
2023-11-22 18:45:08,716 Test: [80/200]	Time 0.042 (0.073)	Loss 0.0840 (0.0589)
2023-11-22 18:45:09,136 Test: [90/200]	Time 0.042 (0.070)	Loss 0.0893 (0.0609)
2023-11-22 18:45:09,546 Test: [100/200]	Time 0.039 (0.067)	Loss 0.0940 (0.0604)
2023-11-22 18:45:09,961 Test: [110/200]	Time 0.040 (0.065)	Loss 0.1468 (0.0612)
2023-11-22 18:45:10,372 Test: [120/200]	Time 0.040 (0.063)	Loss 0.0683 (0.0596)
2023-11-22 18:45:10,788 Test: [130/200]	Time 0.041 (0.061)	Loss 0.0473 (0.0600)
2023-11-22 18:45:11,204 Test: [140/200]	Time 0.041 (0.060)	Loss 0.0556 (0.0596)
2023-11-22 18:45:11,613 Test: [150/200]	Time 0.039 (0.058)	Loss 0.0514 (0.0590)
2023-11-22 18:45:12,016 Test: [160/200]	Time 0.038 (0.057)	Loss 0.0870 (0.0591)
2023-11-22 18:45:12,411 Test: [170/200]	Time 0.037 (0.056)	Loss 0.0489 (0.0586)
2023-11-22 18:45:12,810 Test: [180/200]	Time 0.037 (0.055)	Loss 0.0410 (0.0583)
2023-11-22 18:45:13,207 Test: [190/200]	Time 0.037 (0.054)	Loss 0.0202 (0.0579)
2023-11-22 18:45:14,746 Mean IoU score: 0.865
2023-11-22 18:45:14,750 => saving checkpoint to out
2023-11-22 18:45:18,081 Epoch: [19][0/200]	Time 3.317s (3.317s)	Speed 9.6 samples/s	Data 2.735s (2.735s)	Loss 0.00769 (0.00769)
2023-11-22 18:45:23,426 Epoch: [19][10/200]	Time 0.513s (0.787s)	Speed 62.4 samples/s	Data 0.000s (0.249s)	Loss 0.00814 (0.00694)
2023-11-22 18:45:28,618 Epoch: [19][20/200]	Time 0.550s (0.660s)	Speed 58.2 samples/s	Data 0.000s (0.131s)	Loss 0.00637 (0.00653)
2023-11-22 18:45:33,918 Epoch: [19][30/200]	Time 0.523s (0.618s)	Speed 61.2 samples/s	Data 0.000s (0.089s)	Loss 0.00719 (0.00654)
2023-11-22 18:45:39,202 Epoch: [19][40/200]	Time 0.509s (0.596s)	Speed 62.9 samples/s	Data 0.000s (0.067s)	Loss 0.00546 (0.00651)
2023-11-22 18:45:44,346 Epoch: [19][50/200]	Time 0.535s (0.580s)	Speed 59.8 samples/s	Data 0.000s (0.054s)	Loss 0.00733 (0.00658)
2023-11-22 18:45:49,635 Epoch: [19][60/200]	Time 0.523s (0.572s)	Speed 61.2 samples/s	Data 0.000s (0.045s)	Loss 0.00708 (0.00658)
2023-11-22 18:45:54,768 Epoch: [19][70/200]	Time 0.528s (0.563s)	Speed 60.6 samples/s	Data 0.000s (0.039s)	Loss 0.00633 (0.00658)
2023-11-22 18:46:00,039 Epoch: [19][80/200]	Time 0.512s (0.559s)	Speed 62.5 samples/s	Data 0.000s (0.034s)	Loss 0.00700 (0.00661)
2023-11-22 18:46:05,177 Epoch: [19][90/200]	Time 0.531s (0.554s)	Speed 60.3 samples/s	Data 0.000s (0.030s)	Loss 0.00691 (0.00666)
2023-11-22 18:46:10,432 Epoch: [19][100/200]	Time 0.509s (0.551s)	Speed 62.9 samples/s	Data 0.000s (0.027s)	Loss 0.00846 (0.00668)
2023-11-22 18:46:15,587 Epoch: [19][110/200]	Time 0.533s (0.548s)	Speed 60.0 samples/s	Data 0.000s (0.025s)	Loss 0.00654 (0.00666)
2023-11-22 18:46:20,814 Epoch: [19][120/200]	Time 0.507s (0.546s)	Speed 63.1 samples/s	Data 0.001s (0.023s)	Loss 0.00664 (0.00665)
2023-11-22 18:46:26,014 Epoch: [19][130/200]	Time 0.532s (0.544s)	Speed 60.2 samples/s	Data 0.000s (0.021s)	Loss 0.00659 (0.00665)
2023-11-22 18:46:31,274 Epoch: [19][140/200]	Time 0.509s (0.543s)	Speed 62.9 samples/s	Data 0.000s (0.020s)	Loss 0.00533 (0.00672)
2023-11-22 18:46:36,473 Epoch: [19][150/200]	Time 0.536s (0.541s)	Speed 59.7 samples/s	Data 0.000s (0.018s)	Loss 0.00705 (0.00672)
2023-11-22 18:46:41,757 Epoch: [19][160/200]	Time 0.526s (0.540s)	Speed 60.8 samples/s	Data 0.000s (0.017s)	Loss 0.00783 (0.00674)
2023-11-22 18:46:46,982 Epoch: [19][170/200]	Time 0.541s (0.539s)	Speed 59.1 samples/s	Data 0.001s (0.016s)	Loss 0.00572 (0.00673)
2023-11-22 18:46:52,197 Epoch: [19][180/200]	Time 0.511s (0.538s)	Speed 62.6 samples/s	Data 0.000s (0.015s)	Loss 0.00733 (0.00673)
2023-11-22 18:46:57,436 Epoch: [19][190/200]	Time 0.532s (0.538s)	Speed 60.2 samples/s	Data 0.000s (0.015s)	Loss 0.00702 (0.00675)
2023-11-22 18:47:05,247 Test: [0/200]	Time 2.726 (2.726)	Loss 0.0635 (0.0635)
2023-11-22 18:47:05,664 Test: [10/200]	Time 0.039 (0.286)	Loss 0.0127 (0.0499)
2023-11-22 18:47:06,078 Test: [20/200]	Time 0.040 (0.169)	Loss 0.0277 (0.0537)
2023-11-22 18:47:06,494 Test: [30/200]	Time 0.040 (0.128)	Loss 0.0632 (0.0603)
2023-11-22 18:47:06,917 Test: [40/200]	Time 0.039 (0.107)	Loss 0.0561 (0.0616)
2023-11-22 18:47:07,326 Test: [50/200]	Time 0.040 (0.094)	Loss 0.1086 (0.0617)
2023-11-22 18:47:07,744 Test: [60/200]	Time 0.040 (0.086)	Loss 0.0786 (0.0621)
2023-11-22 18:47:08,161 Test: [70/200]	Time 0.040 (0.079)	Loss 0.0580 (0.0617)
2023-11-22 18:47:08,576 Test: [80/200]	Time 0.039 (0.075)	Loss 0.0638 (0.0598)
2023-11-22 18:47:08,990 Test: [90/200]	Time 0.040 (0.071)	Loss 0.0803 (0.0619)
2023-11-22 18:47:09,404 Test: [100/200]	Time 0.039 (0.068)	Loss 0.0843 (0.0612)
2023-11-22 18:47:09,822 Test: [110/200]	Time 0.039 (0.066)	Loss 0.1546 (0.0619)
2023-11-22 18:47:10,226 Test: [120/200]	Time 0.038 (0.064)	Loss 0.0602 (0.0604)
2023-11-22 18:47:10,626 Test: [130/200]	Time 0.037 (0.062)	Loss 0.0524 (0.0606)
2023-11-22 18:47:11,030 Test: [140/200]	Time 0.039 (0.060)	Loss 0.0650 (0.0602)
2023-11-22 18:47:11,428 Test: [150/200]	Time 0.039 (0.059)	Loss 0.0704 (0.0597)
2023-11-22 18:47:11,827 Test: [160/200]	Time 0.039 (0.058)	Loss 0.0913 (0.0598)
2023-11-22 18:47:12,229 Test: [170/200]	Time 0.039 (0.057)	Loss 0.0543 (0.0596)
2023-11-22 18:47:12,650 Test: [180/200]	Time 0.044 (0.056)	Loss 0.0412 (0.0592)
2023-11-22 18:47:13,079 Test: [190/200]	Time 0.040 (0.055)	Loss 0.0226 (0.0591)
2023-11-22 18:47:14,663 Mean IoU score: 0.865
2023-11-22 18:47:14,667 => saving checkpoint to out
2023-11-22 18:47:14,734 saving final model state to out\final_state.pth.tar
